{
  "stats": {
    "suites": 1,
    "tests": 2,
    "passes": 1,
    "pending": 0,
    "failures": 1,
    "start": "2025-09-23T10:54:53.439Z",
    "end": "2025-09-23T11:00:03.585Z",
    "duration": 310146,
    "testsRegistered": 2,
    "passPercent": 50,
    "pendingPercent": 0,
    "other": 0,
    "hasOther": false,
    "skipped": 0,
    "hasSkipped": false
  },
  "results": [
    {
      "uuid": "081625f1-6dda-4957-abbc-ede6a1bd1b5e",
      "title": "",
      "fullFile": "cypress\\e2e\\CBS\\CBS-TissueCypher-Tests.cy.js",
      "file": "cypress\\e2e\\CBS\\CBS-TissueCypher-Tests.cy.js",
      "beforeHooks": [],
      "afterHooks": [],
      "tests": [],
      "suites": [
        {
          "uuid": "c696b5a5-856b-46e1-aadb-b5b13de0de2a",
          "title": "TissueCypher Online Order Submission Suite",
          "fullFile": "",
          "file": "",
          "beforeHooks": [],
          "afterHooks": [],
          "tests": [
            {
              "title": "Verify TissueCypher Test Created and Submitted Flow",
              "fullTitle": "TissueCypher Online Order Submission Suite Verify TissueCypher Test Created and Submitted Flow",
              "timedOut": null,
              "duration": 112205,
              "state": "failed",
              "speed": null,
              "pass": false,
              "fail": true,
              "pending": false,
              "context": "{\n  \"title\": \"cypress-mochawesome-reporter-screenshots\",\n  \"value\": [\n    [\n      \"\\\\CBS-TissueCypher-Tests.cy.js\\\\TissueCypher Online Order Submission Suite -- Verify TissueCypher Test Created and Submitted Flow (failed).png\"\n    ]\n  ]\n}",
              "code": "cy.viewport(1920, 1081);\ncy.visit(\"https://demo.clabsportal.com/\");\n// Login Button Click\n////cy.get(\".text-lg\").contains(\"Existing Customer\")                                                                                                                                    // Assertion for text \"Existing Customer\" is present\ncy.wait(500);\n//cy.get(\".w-full\").contains(\"login\").should('be.visible').and('exist').and('contain','login').click()                                                            // Click to Login button and check if the btn text is \"login\"       \ncy.get('[type=\"button\"]').contains(\"login\").should('be.visible').and('exist').and('contain', 'login').click().wait(500); // Click to Login button usimg btn type    >> Best Practise\n// Input username\ncy.origin('https://democlient.clabsportal.com', () => {\n  cy.wait(500);\n  cy.get('input[name=\"username\"]').type(\"dodobo3146@appxapi.com\"); // Get username by attribute name and type in it\n  cy.get('input[name=\"username\"]').should('have.value', 'dodobo3146@appxapi.com'); // Check username if the username is correctly input            \n  cy.get('input[name=\"password\"]').type(\"bhwY8En6a\"); // Get password by attribute name and type in it\n  cy.get('input[name=\"password\"]').should('have.value', 'bhwY8En6a'); // Check password if the password is correctly input\n  //cy.get(\"input#okta-signin-submit\").should('be.visible').and('exist').and('contain','Sign In').click()                                                                             // Get submit btn and check if the btn text is \"Sign In\" \n  cy.get('[type=\"submit\"]').contains(\"Sign In\").should('be.visible').and('exist').and('contain', 'Sign In').click(); // Get submit btn by btn type and cick on it   >> Best Practise                                \n});\n// Order Creation and SUbmit //          \ncy.get('.grid-cols-1 > .border-r > .md\\\\:flex > [href=\"/access/test-orders\"]', {\n  timeout: 20000\n}).contains(\"Test Orders\") // Test Orders Tab click\n.should('be.visible').and('exist').and('contain', 'Orders').click().wait(5000);\ncy.get('.primaryBtn').contains(\"New Online Order\").should('be.visible').and('exist', {\n  timeout: 5000\n}).and('contain', 'Online Order').click(); // New Online Order Btn Assertion\ncy.get('.my-4 > .my-2 > .bg-white').should('be.visible').and('exist').click().wait(500); // All ORG Dropdown \ncy.get('.rounded-md > .hover\\\\:bg-sideNavGray').click().wait(500); // Select ORG from dropdown  \ncy.get('.my-4 > .my-2 > .bg-white').should('be.visible').and('exist').click().wait(500); // All ORG Dropdown click\ncy.get('.rounded-md > .hover\\\\:bg-sideNavGray').click().wait(500); // Select ORG from dropdown        \ncy.get('.p-6 > .flex-col > :nth-child(2) > .my-2 > .bg-white').click().wait(500); // Phy dropdown Assertion        \ncy.get('.rounded-md > :nth-child(1) > .w-full > .font-normal').click().wait(500); // Select Phy from dropdown\ncy.get('.justify-end > span > .primaryBtn').click().wait(500); // Press next btn\n// Flow 1: Create Order by input New paitent Name\ncy.get('.p-6 > .patientSearchContainer > .block > .my-3 > .relative > .font-sans').type('QA').wait(1000); // Input Patient Name\ncy.get('.py-2 > .undefined').click().wait(500); // Press ADD btn to add new patient\ncy.get('#firstName').type('Jack').wait(500); // Add First Name\ncy.get('#lastName').type('Maaaa').wait(500); // Add Last Name\ncy.get('.mr-\\\\[3\\\\.5\\\\%\\\\] > .flex-col > .react-datepicker-wrapper > .react-datepicker__input-container > .w-full').type('05-16-1975'); // Add DOB\ncy.get('#gender').click().wait(500); // Tap gender dropdown\ncy.get(':nth-child(1) > .transparentBtn > .font-normal').click().wait(500); // Select Male\ncy.get(':nth-child(2) > .primaryBtn').click().wait(500); // Tap to Next btn\ncy.get(':nth-child(2) > .primaryBtn').click().wait(500); // Tap to Next btn again\ncy.get(':nth-child(2) > .primaryBtn').click().wait(1000); // Tap to Proceed to order btn\ncy.get('.flex-row > :nth-child(1) > span > .secondaryBtn').contains(\"Review\").should('have.text', 'Review').should('be.visible').and('exist').wait(500); // Assertion for \"review\" Button is present\ncy.get('button.secondaryBtn').should('contain.text', 'Save and Exit').and('be.disabled').wait(500); // Assertion for \"save_and_exit\" Button is present and disabled\ncy.get('#Select\\\\ Test > .my-2').contains(\"Select Test\").should('have.text', 'Select Test').should('be.visible').and('exist').and('contain', 'Select').wait(500); // Assertion for \"Select Test\" heading is present.            \n// Side bar icons color assertions\ncy.get('path[data-name=\"Path 5122\"]').each($el => {\n  // Asserting each sidebar circle icon color in not filled.\n  cy.wrap($el).should('have.attr', 'fill', 'none');\n});\ncy.get(':nth-child(2) > .rounded-md > .py-4 > .flex-wrap > .flex-col').scrollIntoView().should('be.visible').and('exist').click().wait(500); // Tapping to Tissue Cypher Test\ncy.get('path[data-name=\"Path 5122\"]').should('have.attr', 'fill', '#18B5B7'); // Asserting side bar Select text icon color is filled  \n// Billing Info Section\ncy.get('a[href=\"#Billing Information\"] p', {\n  timeout: 1000\n}).should('have.text', 'Billing Information').should('be.visible').click(); // Asserting side bar billing information and clicked \ncy.get('#billingInfo\\\\.icdCodeId', {\n  timeout: 1000\n}).click(); // Asserting icd 10 code is present and clicked\ncy.get(':nth-child(3) > .transparentBtn > .font-normal', {\n  timeout: 1000\n}).should('have.text', 'K22.719 BE with dysplasia, unspecified').should('be.visible').and('exist').click(); // Selecting third option from icd 10 code dropown\ncy.get('input[name=\"billingInfo.typeOfFacility\"]').then($options => {\n  // Seleting type of facility randomly.\n  const randomIndex = Math.floor(Math.random() * $options.length); // pick 0, 1, or 2\n  const chosen = $options[randomIndex];\n  cy.wrap(chosen).click({\n    force: true\n  });\n  cy.log('Selected option: ' + chosen.value);\n  // If it's the 3rd option (Hospital Inpatient), assert + fill DTP\n  if (chosen.value === \"Hospital Inpatient\") {\n    cy.get('#Billing\\\\ Information > .p-6 > :nth-child(4) > .false > .react-datepicker-wrapper > .react-datepicker__input-container > .w-full').should('be.visible').should('have.attr', 'placeholder', 'MM-DD-YYYY').type('05-10-1975'); // example date\n  }\n});\n// Additional Info section\n/*\ncy.get('[href=\"#Additional Information\"] > .w-full > .font-normal').click().wait(500)                                                                         // Selecting Additional Info from side menu\ncy.get('.align-top > div > .mt-3 > .checkmark', { timeout: 1000 }).click()                                                                                    // tap to checkbox\ncy.get(':nth-child(3) > div > .mt-3 > .checkmark', { timeout: 1000 }).click()                                                                                 // tap to 2nd checkbox\ncy.get(':nth-child(3) > div > .mt-3 > span.undefined').should('have.text','By checking this box, I hereby acknowledge this clinician(s) will receive the final test report and associated PHI').should('be.visible').and('exist')\ncy.get('#firstName', { timeout: 1000 }).type('Jony')\ncy.get('#lastName', { timeout: 1000 }).type('way')\ncy.get('#npi', { timeout: 1000 }).type('5557774448')\ncy.get('#fax', { timeout: 1000 }).type('885-741-8852')\ncy.get('#email', { timeout: 1000 }).type('jony@gmail.com')\ncy.get('.flex > .mt-3 > .checkmark', { timeout: 1000 }).click()\n*/\n// Laboratory Setion\ncy.get('a[href=\"#Laboratory Information\"] p').should('have.text', 'Laboratory Information').should('be.visible').and('exist').click().wait(500); // Selecting Laboratory Info from side menu\ncy.get('input[name=\"laboratoryInfo.typeOfSpecimen\"]').then($options1 => {\n  // Seleting type of facility randomly.\n  const randomIndex1 = Math.floor(Math.random() * $options1.length); // pick 0, 1, or 2\n  const chosen1 = $options1[randomIndex1];\n  // Click the randomly selected input\n  cy.wrap(chosen1).click({\n    force: true\n  });\n});\ncy.get('#laboratoryInfo\\\\.labortaryName').type('a').wait(1000); // typing text in Name of facility\ncy.get(':nth-child(4) > .transparentBtn > .font-normal').click().wait(500); // Select 4th option\ncy.get('.my-3.false > .flex-col > .react-datepicker-wrapper > .react-datepicker__input-container > .w-full').type('05-16-2025'); // date input\n// Supporting doc section\ncy.get('a[href=\"#Supporting Documents\"] p').scrollIntoView().click().wait(500);\ncy.get(':nth-child(2) > .max-w-\\\\[300px\\\\] > .font-normal').should('have.text', 'Endoscopy Report').should('be.visible').and('exist');\ncy.get(':nth-child(2) > .max-w-\\\\[300px\\\\] > .bg-\\\\[\\\\#F9F9FA\\\\]').should('be.visible').and('exist');\ncy.get(':nth-child(2) > .max-w-\\\\[300px\\\\] > .bg-\\\\[\\\\#F9F9FA\\\\] > span > .secondaryBtn', {\n  timeout: 5000\n}).attachFile(\"QA-Handbook.pdf\", {\n  subjectType: 'drag-n-drop'\n});\ncy.get(':nth-child(3) > .max-w-\\\\[300px\\\\] > .font-normal').should('have.text', 'Pathology Report').should('be.visible').and('exist');\ncy.get(':nth-child(3) > .max-w-\\\\[300px\\\\] > .bg-\\\\[\\\\#F9F9FA\\\\]').should('be.visible').and('exist');\ncy.get(':nth-child(3) > .max-w-\\\\[300px\\\\] > .bg-\\\\[\\\\#F9F9FA\\\\] > span > .secondaryBtn', {\n  timeout: 5000\n}).attachFile(\"QA-Handbook.pdf\", {\n  subjectType: 'drag-n-drop'\n});\n//cy.get(':nth-child(4) > .max-w-\\\\[300px\\\\] > .font-normal').should('Patient Info / Demographics Sheet').should('be.visible').and('exist')\ncy.get(':nth-child(4) > .max-w-\\\\[300px\\\\] > .bg-\\\\[\\\\#F9F9FA\\\\]').should('be.visible').and('exist');\ncy.get(':nth-child(4) > .max-w-\\\\[300px\\\\] > .bg-\\\\[\\\\#F9F9FA\\\\] > span > .secondaryBtn', {\n  timeout: 5000\n}).attachFile(\"QA-Handbook.pdf\", {\n  subjectType: 'drag-n-drop'\n});\n//cy.get(':nth-child(5) > .max-w-\\\\[300px\\\\] > .font-normal').should('Insurance Card / Billing Face Sheet').should('be.visible').and('exist')\ncy.get(':nth-child(5) > .max-w-\\\\[300px\\\\] > .bg-\\\\[\\\\#F9F9FA\\\\]').should('be.visible').and('exist');\ncy.get(':nth-child(5) > .max-w-\\\\[300px\\\\] > .bg-\\\\[\\\\#F9F9FA\\\\] > span > .secondaryBtn', {\n  timeout: 5000\n}).attachFile(\"QA-Handbook.pdf\", {\n  subjectType: 'drag-n-drop'\n});\n// Notes \ncy.get('#notes').type('Testing notes');\ncy.get('.primaryBtn').click().wait(5000); // Press Submit btn                                                                                                                                       \ncy.get('.justify-between > .w-full > .font-semibold').should('have.text', 'Test Submission').should('be.visible').and('exist'); // Test Submission Heading assertion\ncy.get(':nth-child(3) > .flex > span > .primaryBtn').should('have.text', 'Send for approval').should('be.visible').and('exist').click().wait(30000); // Send for approval btn click                                                                                                  \ncy.get('.text-3xl').should('have.text', 'Order Sent For Approval').should('be.visible').and('exist').wait(5000); // Order Sent For Approval assertion                                                                                                  \ncy.get('.grid-cols-1 > .border-r > .md\\\\:flex > [href=\"/access/test-orders\"]', {\n  timeout: 2000\n}).contains(\"Test Orders\") // Test Orders Tab click\n.should('be.visible').and('exist').and('contain', 'Orders').click().wait(5000);\ncy.get(':nth-child(1) > .lg\\\\:right-0 > .py-1').should('have.text', 'Pending Approval').should('be.visible').and('exist').wait(2000); // Chwck the order status is pending submission  \ncy.get('.rounded-full > .max-w-\\\\[316px\\\\] > .h-full').click().wait(500);\ncy.get('.py-2 > .font-normal', {\n  timeout: 5000\n}).click().wait(5000);\n//cy.get('.flex-row > :nth-child(1) > span > .secondaryBtn').contains(\"Review\").should('have.text','Review').should('be.visible').and('exist').click().wait(500)             // Assertion for \"review\" Button is present\n//cy.get('button.secondaryBtn').should('contain.text', 'Save and Exit').and('be.enabled').click().wait(2000)                                                                 // Assertion for \"save_and_exit\" Button is present and disabled",
              "err": {
                "message": "AssertionError: Timed out retrying after 4000ms: expected '<div.py-1.px-2.rounded-full.text-xs.block.w-max.text-center>' to have text 'Pending Approval', but the text was 'In Progress'",
                "estack": "AssertionError: Timed out retrying after 4000ms: expected '<div.py-1.px-2.rounded-full.text-xs.block.w-max.text-center>' to have text 'Pending Approval', but the text was 'In Progress'\n    at Context.eval (webpack://cypressauto/./cypress/e2e/CBS/CBS-TissueCypher-Tests.cy.js:137:56)",
                "diff": "- 'In Progress'\n+ 'Pending Approval'\n"
              },
              "uuid": "0cf470bb-7e86-423d-becb-8d6313397033",
              "parentUUID": "c696b5a5-856b-46e1-aadb-b5b13de0de2a",
              "isHook": false,
              "skipped": false
            },
            {
              "title": "Verify TissueCypher Test Created with Save and Exit Flow",
              "fullTitle": "TissueCypher Online Order Submission Suite Verify TissueCypher Test Created with Save and Exit Flow",
              "timedOut": null,
              "duration": 193647,
              "state": "passed",
              "speed": "slow",
              "pass": true,
              "fail": false,
              "pending": false,
              "context": null,
              "code": "cy.viewport(1920, 1081);\ncy.visit(\"https://demo.clabsportal.com/\");\n// Login Button Click\n////cy.get(\".text-lg\").contains(\"Existing Customer\")                                                                                                                                    // Assertion for text \"Existing Customer\" is present\n//cy.wait(500)\n//cy.get(\".w-full\").contains(\"login\").should('be.visible').and('exist').and('contain','login').click()                                                                                  // Click to Login button and check if the btn text is \"login\"       \ncy.get('[type=\"button\"]').contains(\"login\").should('be.visible').and('exist').and('contain', 'login').click().wait(500); // Click to Login button usimg btn type    >> Best Practise\n// Input username\ncy.origin('https://democlient.clabsportal.com', () => {\n  cy.wait(1000);\n  cy.get('input[name=\"username\"]').type(\"dodobo3146@appxapi.com\"); // Get username by attribute name and type in it\n  cy.get('input[name=\"username\"]').should('have.value', 'dodobo3146@appxapi.com'); // Check username if the username is correctly input            \n  cy.get('input[name=\"password\"]').type(\"bhwY8En6a\"); // Get password by attribute name and type in it\n  cy.get('input[name=\"password\"]').should('have.value', 'bhwY8En6a'); // Check password if the password is correctly input\n  //cy.get(\"input#okta-signin-submit\").should('be.visible').and('exist').and('contain','Sign In').click()                                                                             // Get submit btn and check if the btn text is \"Sign In\" \n  cy.get('[type=\"submit\"]').contains(\"Sign In\").should('be.visible').and('exist').and('contain', 'Sign In').click(); // Get submit btn by btn type and cick on it   >> Best Practise                                \n});\n// Order Creation and Save and Exit with pending submission status Flow //          \ncy.get('.grid-cols-1 > .border-r > .md\\\\:flex > [href=\"/access/test-orders\"]', {\n  timeout: 20000\n}).contains(\"Test Orders\") // Test Orders Tab click\n.should('be.visible').and('exist').and('contain', 'Orders').click().wait(5000);\ncy.get('.primaryBtn').contains(\"New Online Order\").should('be.visible').and('exist', {\n  timeout: 5000\n}).and('contain', 'Online Order').click(); // New Online Order Btn Assertion\ncy.get('.my-4 > .my-2 > .bg-white').should('be.visible').and('exist').click().wait(500); // All ORG Dropdown \ncy.get('.rounded-md > .hover\\\\:bg-sideNavGray').click().wait(500); // Select ORG from dropdown  \ncy.get('.my-4 > .my-2 > .bg-white').should('be.visible').and('exist').click().wait(500); // All ORG Dropdown click\ncy.get('.rounded-md > .hover\\\\:bg-sideNavGray').click().wait(500); // Select ORG from dropdown        \ncy.get('.p-6 > .flex-col > :nth-child(2) > .my-2 > .bg-white').click().wait(500); // Phy dropdown Assertion        \ncy.get('.rounded-md > :nth-child(1) > .w-full > .font-normal').click().wait(500); // Select Phy from dropdown\ncy.get('.justify-end > span > .primaryBtn').click().wait(500); // Press next btn  \n// Flow 1: Create Order by input New paitent Name\ncy.get('.p-6 > .patientSearchContainer > .block > .my-3 > .relative > .font-sans').type('QA').wait(1000); // Input Patient Name\ncy.get('.py-2 > .undefined').click().wait(500); // Press ADD btn to add new patient\ncy.get('#firstName').type('Jacob').wait(500); // Add First Name\ncy.get('#lastName').type('Oram').wait(500); // Add Last Name\ncy.get('.mr-\\\\[3\\\\.5\\\\%\\\\] > .flex-col > .react-datepicker-wrapper > .react-datepicker__input-container > .w-full').type('05-16-1975'); // Add DOB\ncy.get('#gender').click().wait(500); // Tap gender dropdown\ncy.get(':nth-child(1) > .transparentBtn > .font-normal').click().wait(500); // Select Male\ncy.get(':nth-child(2) > .primaryBtn').click().wait(500); // Tap to Next btn\ncy.get(':nth-child(2) > .primaryBtn').click().wait(500); // Tap to Next btn again\ncy.get(':nth-child(2) > .primaryBtn').click().wait(1000); // Tap to Proceed to order btn\ncy.get('.flex-row > :nth-child(1) > span > .secondaryBtn').contains(\"Review\").should('have.text', 'Review').should('be.visible').and('exist').wait(500); // Assertion for \"review\" Button is present\ncy.get('button.secondaryBtn').should('contain.text', 'Save and Exit').and('be.disabled').wait(500); // Assertion for \"save_and_exit\" Button is present and disabled\ncy.get('#Select\\\\ Test > .my-2').contains(\"Select Test\").should('have.text', 'Select Test').should('be.visible').and('exist').and('contain', 'Select').wait(500); // Assertion for \"Select Test\" heading is present.            \n// Side bar icons color assertions\ncy.get('path[data-name=\"Path 5122\"]').each($el => {\n  // Asserting each sidebar circle icon color in not filled.\n  cy.wrap($el).should('have.attr', 'fill', 'none');\n});\ncy.get(':nth-child(2) > .rounded-md > .py-4 > .flex-wrap > .flex-col').scrollIntoView().should('be.visible').and('exist').click().wait(500); // Tapping to Tissue Cypher Test\ncy.get('path[data-name=\"Path 5122\"]').should('have.attr', 'fill', '#18B5B7'); // Asserting side bar Select text icon color is filled  \n// Billing Info Section\ncy.get('a[href=\"#Billing Information\"] p', {\n  timeout: 1000\n}).should('have.text', 'Billing Information').should('be.visible').click(); // Asserting side bar billing information and clicked \ncy.get('#billingInfo\\\\.icdCodeId', {\n  timeout: 1000\n}).click(); // Asserting icd 10 code is present and clicked\ncy.get(':nth-child(3) > .transparentBtn > .font-normal', {\n  timeout: 1000\n}).should('have.text', 'K22.719 BE with dysplasia, unspecified').should('be.visible').and('exist').click(); // Selecting third option from icd 10 code dropown\ncy.get('input[name=\"billingInfo.typeOfFacility\"]').then($options => {\n  // Seleting type of facility randomly.\n  const randomIndex = Math.floor(Math.random() * $options.length); // pick 0, 1, or 2\n  const chosen = $options[randomIndex];\n  cy.wrap(chosen).click({\n    force: true\n  });\n  cy.log('Selected option: ' + chosen.value);\n  // If it's the 3rd option (Hospital Inpatient), assert + fill DTP\n  if (chosen.value === \"Hospital Inpatient\") {\n    cy.get('#Billing\\\\ Information > .p-6 > :nth-child(4) > .false > .react-datepicker-wrapper > .react-datepicker__input-container > .w-full').should('be.visible').should('have.attr', 'placeholder', 'MM-DD-YYYY').type('05-10-1975'); // example date\n  }\n});\n/* Additional Info section\ncy.get('[href=\"#Additional Information\"] > .w-full > .font-normal').should('have.text','Additional Information').should('be.visible').and('exist').click().wait(1000)                                                                        // Selecting Additional Info from side menu\ncy.get('input[name=\"isAdditionalClinician\"]').then($checkbox => {\nif ($checkbox.is(':disabled')) {\n    cy.log('Checkbox is disabled, skipping...');\n} else {\n    cy.wrap($checkbox).check({ force: true });\n    cy.wrap($checkbox).should('be.checked');    \n    //cy.get('.align-top > div > .mt-3').click()                                                                                    // tap to checkbox\n    cy.get('.align-top > div > .mt-3 > .undefined').click().wait(1000)                                                                                 // tap to 2nd checkbox\n    cy.get(':nth-child(3) > div > .mt-3 > span.undefined').should('have.text','By checking this box, I hereby acknowledge this clinician(s) will receive the final test report and associated PHI').should('be.visible').and('exist')\n    cy.get('#firstName', { timeout: 1000 }).type('Jony')\n    cy.get('#lastName', { timeout: 1000 }).type('way')\n    cy.get('#npi', { timeout: 1000 }).type('5557774448')\n    cy.get('#fax', { timeout: 1000 }).type('885-741-8852')\n    cy.get('#email', { timeout: 1000 }).type('jony@gmail.com')\n    cy.get('.flex > .mt-3 > .checkmark', { timeout: 1000 }).click()\n    }\n});*/\n// Laboratory Setion\ncy.get('a[href=\"#Laboratory Information\"] p').should('have.text', 'Laboratory Information').should('be.visible').and('exist').click().wait(1000); // Selecting Laboratory Info from side menu\ncy.get('input[name=\"laboratoryInfo.typeOfSpecimen\"]').then($options1 => {\n  // Seleting type of Specimen randomly.\n  const randomIndex1 = Math.floor(Math.random() * $options1.length); // pick 0, 1, or 2\n  const chosen1 = $options1[randomIndex1];\n  // Click the randomly selected input\n  cy.wrap(chosen1).click({\n    force: true\n  });\n});\ncy.get('#laboratoryInfo\\\\.labortaryName').type('a').wait(1000); // typing text in Name of facility\ncy.get(':nth-child(4) > .transparentBtn > .font-normal').click().wait(500); // Select 4th option\ncy.get('.my-3.false > .flex-col > .react-datepicker-wrapper > .react-datepicker__input-container > .w-full').type('05-16-2025'); // date input\n// Supporting doc section\ncy.get('a[href=\"#Supporting Documents\"] p').click().wait(500);\ncy.get(':nth-child(2) > .max-w-\\\\[300px\\\\] > .font-normal').should('have.text', 'Endoscopy Report').should('be.visible').and('exist');\ncy.get(':nth-child(2) > .max-w-\\\\[300px\\\\] > .bg-\\\\[\\\\#F9F9FA\\\\]').should('be.visible').and('exist');\ncy.get(':nth-child(2) > .max-w-\\\\[300px\\\\] > .bg-\\\\[\\\\#F9F9FA\\\\] > span > .secondaryBtn', {\n  timeout: 5000\n}).attachFile(\"QA-Handbook.pdf\", {\n  subjectType: 'drag-n-drop'\n});\ncy.get(':nth-child(3) > .max-w-\\\\[300px\\\\] > .font-normal').should('have.text', 'Pathology Report').should('be.visible').and('exist');\ncy.get(':nth-child(3) > .max-w-\\\\[300px\\\\] > .bg-\\\\[\\\\#F9F9FA\\\\]').should('be.visible').and('exist');\ncy.get(':nth-child(3) > .max-w-\\\\[300px\\\\] > .bg-\\\\[\\\\#F9F9FA\\\\] > span > .secondaryBtn', {\n  timeout: 5000\n}).attachFile(\"QA-Handbook.pdf\", {\n  subjectType: 'drag-n-drop'\n});\n//cy.get(':nth-child(4) > .max-w-\\\\[300px\\\\] > .font-normal').should('Patient Info / Demographics Sheet').should('be.visible').and('exist')\ncy.get(':nth-child(4) > .max-w-\\\\[300px\\\\] > .bg-\\\\[\\\\#F9F9FA\\\\]').should('be.visible').and('exist');\ncy.get(':nth-child(4) > .max-w-\\\\[300px\\\\] > .bg-\\\\[\\\\#F9F9FA\\\\] > span > .secondaryBtn', {\n  timeout: 5000\n}).attachFile(\"QA-Handbook.pdf\", {\n  subjectType: 'drag-n-drop'\n});\n//cy.get(':nth-child(5) > .max-w-\\\\[300px\\\\] > .font-normal').should('Insurance Card / Billing Face Sheet').should('be.visible').and('exist')\ncy.get(':nth-child(5) > .max-w-\\\\[300px\\\\] > .bg-\\\\[\\\\#F9F9FA\\\\]').should('be.visible').and('exist');\ncy.get(':nth-child(5) > .max-w-\\\\[300px\\\\] > .bg-\\\\[\\\\#F9F9FA\\\\] > span > .secondaryBtn', {\n  timeout: 5000\n}).attachFile(\"QA-Handbook.pdf\", {\n  subjectType: 'drag-n-drop'\n});\n// Notes \ncy.get('#notes').type('Testing notes');\n//cy.get('.flex-row > :nth-child(1) > span > .secondaryBtn').contains(\"Review\").should('have.text','Review').should('be.visible').and('exist').click().wait(500)                             // Assertion for \"review\" Button is present\ncy.get(':nth-child(2) > span > .secondaryBtn').should('contain.text', 'Save and Exit').and('be.enabled').click().wait(50000); // Assertion for \"save_and_exit\" Button is present and disabled   \ncy.get(':nth-child(1) > .lg\\\\:right-0 > .py-1').should('have.text', 'Pending Submission').should('be.visible').and('exist').wait(2000); // Chwck the order status is pending submission  \n/* Getting the random section\nlet statusText = \"\";\n  cy.get('div.bg-sideNavGray svg').then(($svgs) => {\n        let allGrey = true;\n          $svgs.each((index, svg) => {\n            const $svg = Cypress.$(svg); // wrap for jQuery access\n            const fill = $svg.attr('fill') || $svg.find('circle').attr('fill');\n              if (fill === 'red' || fill === '#f00') {\n            allGrey = false;\n            }\n        });\n          if (allGrey) {\n            statusText = \"Pending submission\";\n        } else {\n            statusText = \"In Progress\";\n        }\n          cy.log(\"Final Status: \" + statusText);\n          cy.get(':nth-child(2) > span > .secondaryBtn').should('contain.text', 'Save and Exit').and('be.enabled').click().wait(40000)                                      // Assertion for \"save_and_exit\" Button is present and disabled\n            // ✅ Assert or use later\n        expect(statusText).to.be.oneOf([\"Pending submission\", \"In Progress\"]);\n        }).then(() => {\n        // You can now use the saved variable `statusText`\n        cy.log(\"Using Status Variable: \" + statusText);\n          // Example: Use in your flow\n        if (statusText === \"Pending submission\") {\n            cy.log(\"➡️ Continue to submission flow\");\n            cy.get(':nth-child(1) > .lg\\:right-0 > .py-1').should('have.text', 'Pending submission').should('be.visible').and('exist')\n            \n        } else {\n            cy.log(\"➡️ Continue to approval flow\");\n            cy.get(':nth-child(1) > .lg\\:right-0 > .py-1').should('have.text', 'In Progress').should('be.visible').and('exist')\n        }\n        });\n*/\n// Order Creation and Save and Exit with In Progress status Flow //          \ncy.get('.primaryBtn').contains(\"New Online Order\").should('be.visible').and('exist', {\n  timeout: 5000\n}).and('contain', 'Online Order').click(); // New Online Order Btn Assertion\ncy.get('.my-4 > .my-2 > .bg-white').should('be.visible').and('exist').click().wait(500); // All ORG Dropdown \ncy.get('.rounded-md > .hover\\\\:bg-sideNavGray').click().wait(500); // Select ORG from dropdown  \ncy.get('.my-4 > .my-2 > .bg-white').should('be.visible').and('exist').click().wait(500); // All ORG Dropdown click\ncy.get('.rounded-md > .hover\\\\:bg-sideNavGray').click().wait(500); // Select ORG from dropdown        \ncy.get('.p-6 > .flex-col > :nth-child(2) > .my-2 > .bg-white').click().wait(500); // Phy dropdown Assertion        \ncy.get('.rounded-md > :nth-child(1) > .w-full > .font-normal').click().wait(500); // Select Phy from dropdown\ncy.get('.justify-end > span > .primaryBtn').click().wait(500); // Press next btn \n// Flow 1: Create Order by input New paitent Name\ncy.get('.p-6 > .patientSearchContainer > .block > .my-3 > .relative > .font-sans').type('QA').wait(1000); // Input Patient Name\ncy.get('.py-2 > .undefined').click().wait(500); // Press ADD btn to add new patient\ncy.get('#firstName').type('Deens').wait(500); // Add First Name\ncy.get('#lastName').type('Oram').wait(500); // Add Last Name\ncy.get('.mr-\\\\[3\\\\.5\\\\%\\\\] > .flex-col > .react-datepicker-wrapper > .react-datepicker__input-container > .w-full').type('05-16-1975'); // Add DOB\ncy.get('#gender').click().wait(500); // Tap gender dropdown\ncy.get(':nth-child(1) > .transparentBtn > .font-normal').click().wait(500); // Select Male\ncy.get(':nth-child(2) > .primaryBtn').click().wait(500); // Tap to Next btn\ncy.get(':nth-child(2) > .primaryBtn').click().wait(500); // Tap to Next btn again\ncy.get(':nth-child(2) > .primaryBtn').click().wait(1000); // Tap to Proceed to order btn\ncy.get('.flex-row > :nth-child(1) > span > .secondaryBtn').contains(\"Review\").should('have.text', 'Review').should('be.visible').and('exist').wait(500); // Assertion for \"review\" Button is present\ncy.get('button.secondaryBtn').should('contain.text', 'Save and Exit').and('be.disabled').wait(500); // Assertion for \"save_and_exit\" Button is present and disabled\ncy.get('#Select\\\\ Test > .my-2').contains(\"Select Test\").should('have.text', 'Select Test').should('be.visible').and('exist').and('contain', 'Select').wait(500); // Assertion for \"Select Test\" heading is present.            \n// Side bar icons color assertions\ncy.get('path[data-name=\"Path 5122\"]').each($el => {\n  // Asserting each sidebar circle icon color in not filled.\n  cy.wrap($el).should('have.attr', 'fill', 'none');\n});\ncy.get(':nth-child(2) > .rounded-md > .py-4 > .flex-wrap > .flex-col').scrollIntoView().should('be.visible').and('exist').click().wait(500); // Tapping to Tissue Cypher Test\ncy.get('path[data-name=\"Path 5122\"]').should('have.attr', 'fill', '#18B5B7'); // Asserting side bar Select text icon color is filled  \n// Billing Info Section\ncy.get('a[href=\"#Billing Information\"] p', {\n  timeout: 1000\n}).should('have.text', 'Billing Information').should('be.visible').click(); // Asserting side bar billing information and clicked \ncy.get('#billingInfo\\\\.icdCodeId', {\n  timeout: 1000\n}).click(); // Asserting icd 10 code is present and clicked\ncy.get(':nth-child(3) > .transparentBtn > .font-normal', {\n  timeout: 1000\n}).should('have.text', 'K22.719 BE with dysplasia, unspecified').should('be.visible').and('exist').click(); // Selecting third option from icd 10 code dropown\ncy.get('input[name=\"billingInfo.typeOfFacility\"]').then($options => {\n  // Seleting type of facility randomly.\n  const randomIndex = Math.floor(Math.random() * $options.length); // pick 0, 1, or 2\n  const chosen = $options[randomIndex];\n  cy.wrap(chosen).click({\n    force: true\n  });\n  cy.log('Selected option: ' + chosen.value);\n  // If it's the 3rd option (Hospital Inpatient), assert + fill DTP\n  if (chosen.value === \"Hospital Inpatient\") {\n    cy.get('#Billing\\\\ Information > .p-6 > :nth-child(4) > .false > .react-datepicker-wrapper > .react-datepicker__input-container > .w-full').should('be.visible').should('have.attr', 'placeholder', 'MM-DD-YYYY').type('05-10-1975'); // example date\n  }\n});\n/* Additional Info section\ncy.get('a[href=\"#Additional Information\"] p').should('have.text','Additional Information').should('be.visible').and('exist').click().wait(1000).click().wait(500)                                                                         // Selecting Additional Info from side menu\n  cy.get('input[name=\"isAdditionalClinician\"]').then($checkbox => {\nif ($checkbox.is(':disabled')) {\n    cy.log('Checkbox is disabled, skipping...');\n} else {\n    cy.wrap($checkbox).check({ force: true });\n    cy.wrap($checkbox).should('be.checked');    \n    cy.get('.align-top > div > .mt-3 > .undefined').click().wait(1000)                                                                                 // tap to 2nd checkbox\n    cy.get(':nth-child(3) > div > .mt-3 > span.undefined').should('have.text','By checking this box, I hereby acknowledge this clinician(s) will receive the final test report and associated PHI').should('be.visible').and('exist')\n    cy.get('#firstName', { timeout: 1000 }).type('Jony')\n    cy.get('#lastName', { timeout: 1000 }).type('way')\n    cy.get('#npi', { timeout: 1000 }).type('5557774448')\n    cy.get('#fax', { timeout: 1000 }).type('885-741-8852')\n    cy.get('#email', { timeout: 1000 }).type('jony@gmail.com')\n    cy.get('.flex > .mt-3 > .checkmark', { timeout: 1000 }).click()\n    }\n});*/\n/* Laboratory Setion \ncy.get('a[href=\"#Laboratory Information\"] p').should('have.text','Laboratory Information').should('be.visible').and('exist').click().wait(1000)    // Selecting Laboratory Info from side menu\ncy.get('input[name=\"laboratoryInfo.typeOfSpecimen\"]').then($options1 => {                                                                                     // Seleting type of Specimen randomly.\nconst randomIndex1 = Math.floor(Math.random() * $options1.length) // pick 0, 1, or 2\nconst chosen1 = $options1[randomIndex1]\ncy.wrap(chosen1).click({ force: true})    })\ncy.get('#laboratoryInfo\\\\.labortaryName').type('a').wait(1000)                                                                                                    // typing text in Name of facility\ncy.get(':nth-child(4) > .transparentBtn > .font-normal').click().wait(500)                                                                                        // Select 4th option\ncy.get('.my-3.false > .flex-col > .react-datepicker-wrapper > .react-datepicker__input-container > .w-full').type('05-16-2025') */ // date input\n// Supporting doc section\ncy.get('a[href=\"#Supporting Documents\"] p').click().wait(500);\ncy.get(':nth-child(2) > .max-w-\\\\[300px\\\\] > .font-normal').should('have.text', 'Endoscopy Report').should('be.visible').and('exist');\ncy.get(':nth-child(2) > .max-w-\\\\[300px\\\\] > .bg-\\\\[\\\\#F9F9FA\\\\]').should('be.visible').and('exist');\ncy.get(':nth-child(2) > .max-w-\\\\[300px\\\\] > .bg-\\\\[\\\\#F9F9FA\\\\] > span > .secondaryBtn', {\n  timeout: 5000\n}).attachFile(\"QA-Handbook.pdf\", {\n  subjectType: 'drag-n-drop'\n});\ncy.get(':nth-child(3) > .max-w-\\\\[300px\\\\] > .font-normal').should('have.text', 'Pathology Report').should('be.visible').and('exist');\ncy.get(':nth-child(3) > .max-w-\\\\[300px\\\\] > .bg-\\\\[\\\\#F9F9FA\\\\]').should('be.visible').and('exist');\ncy.get(':nth-child(3) > .max-w-\\\\[300px\\\\] > .bg-\\\\[\\\\#F9F9FA\\\\] > span > .secondaryBtn', {\n  timeout: 5000\n}).attachFile(\"QA-Handbook.pdf\", {\n  subjectType: 'drag-n-drop'\n});\n//cy.get(':nth-child(4) > .max-w-\\\\[300px\\\\] > .font-normal').should('Patient Info / Demographics Sheet').should('be.visible').and('exist')\ncy.get(':nth-child(4) > .max-w-\\\\[300px\\\\] > .bg-\\\\[\\\\#F9F9FA\\\\]').should('be.visible').and('exist');\ncy.get(':nth-child(4) > .max-w-\\\\[300px\\\\] > .bg-\\\\[\\\\#F9F9FA\\\\] > span > .secondaryBtn', {\n  timeout: 5000\n}).attachFile(\"QA-Handbook.pdf\", {\n  subjectType: 'drag-n-drop'\n});\n//cy.get(':nth-child(5) > .max-w-\\\\[300px\\\\] > .font-normal').should('Insurance Card / Billing Face Sheet').should('be.visible').and('exist')\ncy.get(':nth-child(5) > .max-w-\\\\[300px\\\\] > .bg-\\\\[\\\\#F9F9FA\\\\]').should('be.visible').and('exist');\ncy.get(':nth-child(5) > .max-w-\\\\[300px\\\\] > .bg-\\\\[\\\\#F9F9FA\\\\] > span > .secondaryBtn', {\n  timeout: 5000\n}).attachFile(\"QA-Handbook.pdf\", {\n  subjectType: 'drag-n-drop'\n});\n// Notes \ncy.get('#notes').type('Testing notes');\n//cy.get('.flex-row > :nth-child(1) > span > .secondaryBtn').contains(\"Review\").should('have.text','Review').should('be.visible').and('exist').click().wait(500)                             // Assertion for \"review\" Button is present\ncy.get(':nth-child(2) > span > .secondaryBtn').should('contain.text', 'Save and Exit').and('be.enabled').click().wait(50000); // Assertion for \"save_and_exit\" Button is present and disabled   \ncy.get(':nth-child(1) > .lg\\\\:right-0 > .py-1').should('have.text', 'In Progress').should('be.visible').and('exist'); // Chwck the order status is pending submission\ncy.get('.rounded-full > .max-w-\\\\[316px\\\\] > .h-full').click().wait(500);\ncy.get('.py-2 > .font-normal', {\n  timeout: 5000\n}).click().wait(5000);\n/* Getting the random section\nlet statusText = \"\";\n  cy.get('div.bg-sideNavGray svg').then(($svgs) => {\n        let allGrey = true;\n          $svgs.each((index, svg) => {\n            const $svg = Cypress.$(svg); // wrap for jQuery access\n            const fill = $svg.attr('fill') || $svg.find('circle').attr('fill');\n              if (fill === 'red' || fill === '#f00') {\n            allGrey = false;\n            }\n        });\n          if (allGrey) {\n            statusText = \"Pending submission\";\n        } else {\n            statusText = \"In Progress\";\n        }\n          cy.log(\"Final Status: \" + statusText);\n          cy.get(':nth-child(2) > span > .secondaryBtn').should('contain.text', 'Save and Exit').and('be.enabled').click().wait(40000)                                      // Assertion for \"save_and_exit\" Button is present and disabled\n            // ✅ Assert or use later\n        expect(statusText).to.be.oneOf([\"Pending submission\", \"In Progress\"]);\n        }).then(() => {\n        // You can now use the saved variable `statusText`\n        cy.log(\"Using Status Variable: \" + statusText);\n          // Example: Use in your flow\n        if (statusText === \"Pending submission\") {\n            cy.log(\"➡️ Continue to submission flow\");\n            cy.get(':nth-child(1) > .lg\\:right-0 > .py-1').should('have.text', 'Pending submission').should('be.visible').and('exist')\n            \n        } else {\n            cy.log(\"➡️ Continue to approval flow\");\n            cy.get(':nth-child(1) > .lg\\:right-0 > .py-1').should('have.text', 'In Progress').should('be.visible').and('exist')\n        }\n        });\n*/",
              "err": {},
              "uuid": "eb6e684e-746f-41a0-af50-aecb57a09ad4",
              "parentUUID": "c696b5a5-856b-46e1-aadb-b5b13de0de2a",
              "isHook": false,
              "skipped": false
            }
          ],
          "suites": [],
          "passes": [
            "eb6e684e-746f-41a0-af50-aecb57a09ad4"
          ],
          "failures": [
            "0cf470bb-7e86-423d-becb-8d6313397033"
          ],
          "pending": [],
          "skipped": [],
          "duration": 305852,
          "root": false,
          "rootEmpty": false,
          "_timeout": 2000
        }
      ],
      "passes": [],
      "failures": [],
      "pending": [],
      "skipped": [],
      "duration": 0,
      "root": true,
      "rootEmpty": true,
      "_timeout": 2000
    }
  ],
  "meta": {
    "mocha": {
      "version": "7.2.0"
    },
    "mochawesome": {
      "options": {
        "quiet": false,
        "reportFilename": "[status]_[datetime]-[name]-report",
        "saveHtml": false,
        "saveJson": true,
        "consoleReporter": "spec",
        "useInlineDiffs": false,
        "code": true
      },
      "version": "7.1.3"
    },
    "marge": {
      "options": {
        "charts": false,
        "reportPageTitle": "Automation Reports",
        "embeddedScreenshots": false,
        "inlineAssets": false,
        "saveAllAttempts": false,
        "autoOpen": false,
        "overwrite": false,
        "reportFilename": "[status]_[datetime]-[name]-report",
        "html": false,
        "json": true,
        "reportDir": "cypress\\reports\\html\\.jsons"
      },
      "version": "6.2.0"
    }
  }
}