{
  "stats": {
    "suites": 1,
    "tests": 2,
    "passes": 2,
    "pending": 1,
    "failures": -1,
    "start": "2025-09-23T10:42:17.377Z",
    "end": "2025-09-23T10:48:07.841Z",
    "duration": 350464,
    "testsRegistered": 3,
    "passPercent": 100,
    "pendingPercent": 33.33333333333333,
    "other": 1,
    "hasOther": true,
    "skipped": 0,
    "hasSkipped": false
  },
  "results": [
    {
      "uuid": "4e3a02b2-6fe3-4c49-b2df-4dfc055d900f",
      "title": "",
      "fullFile": "cypress\\e2e\\CBS\\CBS-DecisionDx-UMSeq-Tests.cy.js",
      "file": "cypress\\e2e\\CBS\\CBS-DecisionDx-UMSeq-Tests.cy.js",
      "beforeHooks": [],
      "afterHooks": [],
      "tests": [],
      "suites": [
        {
          "uuid": "f45811ae-5dc9-4020-a219-1a3c9b768f61",
          "title": "DecisionDx-UMSeq Online Order Submission Suite",
          "fullFile": "",
          "file": "",
          "beforeHooks": [],
          "afterHooks": [],
          "tests": [
            {
              "title": "Verify that DecisionDx-UMSeq: Online Order Created and Submitted Successfully",
              "fullTitle": "DecisionDx-UMSeq Online Order Submission Suite Verify that DecisionDx-UMSeq: Online Order Created and Submitted Successfully",
              "timedOut": null,
              "duration": 0,
              "state": "pending",
              "speed": null,
              "pass": false,
              "fail": false,
              "pending": true,
              "context": null,
              "code": "cy.viewport(1920, 1080);\ncy.visit(\"https://demo.clabsportal.com/\");\n// Login Button Click\n////cy.get(\".text-lg\").contains(\"Existing Customer\")                                                                                                // Assertion for text \"Existing Customer\" is present\ncy.wait(500);\n//cy.get(\".w-full\").contains(\"login\").should('be.visible').and('exist').and('contain','login').click()                                              // Click to Login button and check if the btn text is \"login\"       \ncy.get('[type=\"button\"]').contains(\"login\").should('be.visible').and('exist').and('contain', 'login').click().wait(500); // Click to Login button usimg btn type    >> Best Practise\n// Input username\ncy.origin('https://dev-2737508.okta.com', () => {\n  cy.wait(500);\n  cy.get('input[name=\"username\"]').type(\"silijac368@paldept.com\"); // Get username by attribute name and type in it\n  cy.get('input[name=\"username\"]').should('have.value', 'silijac368@paldept.com'); // Check username if the username is correctly input            \n  cy.get('input[name=\"password\"]').type(\"Cv8cf3iHa\"); // Get password by attribute name and type in it\n  cy.get('input[name=\"password\"]').should('have.value', 'Cv8cf3iHa'); // Check password if the password is correctly input\n  //cy.get(\"input#okta-signin-submit\").should('be.visible').and('exist').and('contain','Sign In').click()                                         // Get submit btn and check if the btn text is \"Sign In\" \n  cy.get('[type=\"submit\"]').contains(\"Sign In\").should('be.visible').and('exist').and('contain', 'Sign In').click().wait(20000); // Get submit btn by btn type and cick on it   >> Best Practise                    \n});\ncy.get('[href=\"/test-orders\"] > .flex', {\n  timeout: 80000\n}).contains(\"test orders\").should('be.visible').and('exist').and('contain', 'orders').click().wait(2000); // Check the URL containing test-orders link           \ncy.get('.flex > .capitalize').contains(\"Test orders\").should('have.text', 'Test orders').should('be.visible').and('exist') // Assertion for \"Test orders\" Page heading is present\n.and('contain', 'Test orders').wait(500);\ncy.get('#root > div.h-screen.flex.flex-col.overflow-hidden > header > div:nth-child(2) > div > div:nth-child(2) > div > button') // Click to Cilinician dropdown to select Cilinician           \n.should('be.visible').and('exist').click().wait(500);\ncy.get(':nth-child(2) > .flex > .text-sm > .break-normal').contains(\"SZK PHY QA\").should('be.visible').should('have.text', 'SZK PHY QA') // Select a Cilinician from dropdown \n.and('exist').click().wait(500);\ncy.get('[type=\"button\"]').contains(\"new online order\").should('have.text', 'new online order').should('be.visible') // Assertion for \"New Online Order\" Button is present and clicked\n.and('exist').and('contain', 'new online').click().wait(1000);\ncy.get('#discard').contains(\"discard\").should('have.text', 'discard').should('be.visible').and('exist').and('contain', 'discard').click().wait(500); // Assertion for \"Discard\" Button is present and clicked\ncy.get('.p-5 > .mt-4').contains(\"Are you sure you want to exit? all the changes will be discarded\") // Assertion for \"Discard popup Text\" is present.\n.should('have.text', 'Are you sure you want to exit? all the changes will be discarded').should('be.visible').and('exist').and('contain', 'exit').click().wait(500);\ncy.get('#cancel').contains(\"cancel\").should('have.text', 'cancel').should('be.visible').and('exist').and('contain', 'cancel').click().wait(500); // Assertion for \"cancel\" Button on Discard popup is present and clicked                \ncy.get('[type=\"button\"]').contains(\"save and exit\").should('have.text', 'save and exit').should('be.visible').and('exist') // Assertion for \"save_and_exit\" Button is present.\n.and('contain', 'save and exit').click().wait(500);\ncy.get('.Toastify__toast-body > div:nth-child(2)').contains(\"Please select test type in order to save\") // Assertion for validation alert for \"save_and_exit\" Button on Discard popup is present\n.should('have.text', 'Please select test type in order to save').should('be.visible').and('exist').and('contain', 'save').click().wait(500);\ncy.get('#review').contains(\"review\").should('have.text', 'review').should('be.visible').and('exist').and('contain', 'review').click().wait(500); // Assertion for \"review\" Button is present and clicked\ncy.get(':nth-child(6) > .flex > .break-normal').contains(\"supporting documents\").should('have.text', 'supporting documents') // Assertion for \"Supporting Documents\" heading should be present on left side    \n.should('be.visible').and('exist').and('contain', 'supporting').click().wait(1000);\ncy.get('.col-span-1 > :nth-child(1) > .flex > .break-normal').contains(\"Select Test\").should('have.text', 'Select Test') // Assertion for \"Supporting Documents\" heading should be present on left side    \n.should('be.visible').and('exist').and('contain', 'Select').click().wait(1000);\ncy.get('#edit').contains(\"edit\").should('have.text', 'edit').should('be.visible').and('exist').and('contain', 'edit').click().wait(500);\ncy.get('p[data-for=\"Send for Approval\"]').parent('[type=\"button\"]').should('be.disabled').wait(500); // Assertion for \"Send for Approval\" Button is present and disabled\ncy.get('.sticky > :nth-child(3) > .uppercase').contains(\"Select Test\").should('have.text', 'Select Test').should('be.visible').and('exist') // Assertion for \"Select Test\" heading is present.    \n.and('contain', 'Select').wait(500);\ncy.get('circle[data-name=\"Ellipse 588\"]').should('have.css', 'fill', 'none'); // Assertion for \"Select Test\" checkmark color should be none\ncy.get('input[id=\"1\"]').should('not.be.checked'); // Assertion for \"TissueCypher\" Test should be not checked\ncy.get('input[id=\"2\"]').should('not.be.checked'); // Assertion for \"DecisionDx-SCC\" Test should be not checked\ncy.get('input[id=\"3\"]').should('not.be.checked'); // Assertion for \"DecisionDx-Melanoma\" Test should be not checked\ncy.get('input[id=\"6\"]').should('not.be.checked'); // Assertion for \"DecisionDx-CMSeq\" Test should be not checked\ncy.get('input[id=\"5\"]').should('not.be.checked'); // Assertion for \"MyPath Melanoma\" Test should be not checked\ncy.get('input[id=\"4\"]').should('not.be.checked'); // Assertion for \"DecisionDx-UM\" Test should be not checked\ncy.get('input[id=\"7\"]').should('not.be.checked'); // Assertion for \"DecisionDx-UMSeq\" Test should be not checked\ncy.get('input[id=\"8\"]').should('not.be.checked'); // Assertion for \"IDgenetix\" Test should be not checked\n//DecisionDx-UMSeq Test Creation\n//cy.get('label').contains('DecisionDx-UMSeq:').parent().should('contain.text', 'DecisionDx-UMSeq:')                                                  // Assertion for \"DecisionDx-UMSeq\" Test should be present\n//.and('contain.text', 'Predicts risk of metastasis in uveal melanoma patients')\n//cy.get('label').contains('DecisionDx-UMSeq:').click()                                                                                               // \"DecisionDx-UMSeq\" clicked\ncy.get('label').contains('DecisionDx-UMSeq:').parent().should('contain.text', 'DecisionDx-UMSeq:') // Assertion for \"DecisionDx-UMSeq\" Test should be present\n.and('contain.text', 'Next-Generation Sequencing (NGS) to identify hotspot mutations in the genes GNAQ, GNA11, CYSLTR2, PLCB4 and SF3B1, mutations in exons 1-2 of EIF1AX and all coding exons of the BAP1 gene');\ncy.get('label').contains('DecisionDx-UMSeq:').click(); // \"DecisionDx-UMSeq\" clicked\ncy.get('input[id=\"7\"]').should('be.checked'); // Assertion for \"DecisionDx-Melanoma\" Test should be checked\ncy.get('.break-normal').contains(\"Select Test\").should('have.text', 'Select Test').should('be.visible') // Assertion for \"Select Test\" heading should be present on page        \n.and('exist').and('contain', 'Select').click().wait(500);\ncy.get('svg').find('path[fill=\"#18B5B7\"]').should('have.attr', 'stroke', 'white'); // Assertion for \"Patient Information\" checkmark color should be red\ncy.get('.transition-all').contains(\"14%\").should('have.text', '14%').should('be.visible').and('exist').and('contain', '14%').wait(500); // Assertion for \"progress Bar\" 14% should be moved on Select Test Step\n// Patient Information Section\ncy.get(':nth-child(2) > .flex > .break-normal').contains(\"Patient Information\").should('have.text', 'Patient Information') // Assertion for \"Patient Information\" heading should be present on left side    \n.should('be.visible').and('exist').and('contain', 'Patient').click().wait(5000);\ncy.get('svg').find('path[fill=none]').should('have.attr', 'stroke', '#d0d4db'); // Assertion for \"Patient Information\" checkmark color should be none \ncy.get('.mt-5 > .text-base').contains(\"Patient Information\").should('have.text', 'Patient Information') // Assertion for \"Patient Information\" heading should be present on page            \n.should('be.visible').and('exist').and('contain', 'Patient').wait(500);\ncy.get('[type=\"button\"]').contains(\"new\").should('have.text', 'new').should('be.visible').should('have.css', 'fill', 'rgb(0, 0, 0)') // Assertion for button \"New\" should be present on page               >> Best Practise\n.and('exist').and('contain', 'new').wait(500);\ncy.get('input[name=\"patient_firstname\"]').first().focus().wait(500); // Taking focus on patient_firstname                    \ncy.get('input[name=\"patient_lastname\"]').first().focus().wait(500); // Taking focus on patient_lastname        \ncy.get(':nth-child(5) > .mr-5 > .react-datepicker-wrapper > .react-datepicker__input-container > .py-2').click().wait(1000); // Tapping to \"patient DOB\" Datepicker\ncy.get('.react-datepicker__year-read-view--selected-year').click().wait(1000); // Selecting year fron DTP\ncy.get(':nth-child(51)').click().wait(1000); // Tapping to year        \ncy.get(':nth-child(1) > .react-datepicker__day--001').click().wait(1000); // Selecting date fron DTP\ncy.get('input[name=\"patient_gender\"]').first().focus().wait(500); // Taking focus on patient_gender                            \ncy.get('input[name=\"patient_gender\"]').first().blur().wait(500); // Taking blur on patient_gender                            \ncy.get(':nth-child(2) > .flex > .break-normal').contains(\"Patient Information\").should('have.text', 'Patient Information') // Assertion for \"Patient Information\" heading should be present on left side    \n.should('exist').and('contain', 'Patient').click().wait(2000);\ncy.get('.mt-1').contains(\"First name is required!\").should('have.text', 'First name is required!') // Assertion for \"First name is required!\" validation message\n.should('exist').and('contain', 'First name').wait(500);\ncy.get(':nth-child(4) > .mt-1').contains(\"Last name is required!\").should('have.text', 'Last name is required!') // Assertion for \"Last name is required!\" validation message\n.should('exist').and('contain', 'Last name').wait(500);\ncy.get(':nth-child(5) > :nth-child(2) > .mt-1').contains(\"Sex at Birth is required\").should('have.text', 'Sex at Birth is required') // Assertion for \"Sex at Birth is required\" validation message\n.should('be.visible').and('exist').and('contain', 'Sex at Birth').wait(500);\ncy.get('input[name=\"patient_firstname\"]').type('QA Pateint One'); // Taking input for \"patient_firstname\"        \ncy.get('input[name=\"patient_lastname\"]').type('Automated test'); // Taking input for \"patient_lastname\" \ncy.get('input[name=\"patient_gender\"]').click().wait(1000); // Tpping to \"patient_gender\" dropdown\ncy.get('.shadow-md > :nth-child(1)').contains(\"Female\").should('have.text', 'Female').and('exist') // Taking input for \"patient_gender\"\n.and('contain', 'Female').click().wait(500);\ncy.get('.transition-all').contains(\"14%\").should('have.text', '14%').should('be.visible').and('exist').and('contain', '14%').wait(500); // Assertion for \"progress Bar\" 14% should be moved on Select Test Step\ncy.get('#patient_ssn').focus().blur().wait(500); // Taking invalid input for \"patient_email\"        \ncy.get('.focus\\\\:outline-primary > .flex > .mr-5 > .mt-1').contains(\"SSN is required\").should('have.text', 'SSN is required'); // Assertion for \"First name is required!\" validation message\ncy.get('#patient_ssn').type('123').wait(500); // Taking invalid input for \"patient_ssn\"\ncy.get('.focus\\\\:outline-primary > .flex > .mr-5 > .mt-1').contains(\"SSN must contain 9 digits with following format 000-00-0000\") // Assertion for invalid patient_ssn no validation message        \n.should('have.text', 'SSN must contain 9 digits with following format 000-00-0000');\ncy.get('#patient_ssn').clear().wait(500); // making clear \"patient_ssn\" field\ncy.get('#patient_ssn').type('232-23-2323').wait(500); // Taking valid input for \"patient_ssn\"\ncy.get('.transition-all').contains(\"29%\").should('have.text', '29%').should('be.visible').and('exist').and('contain', '29%').wait(500); // Assertion for \"progress Bar\" 29% should be moved on Select Test Step\ncy.get('#patient_ssn').clear().wait(500); // making clear \"patient_ssn\" field\ncy.get('.transition-all').contains(\"14%\").should('have.text', '14%').should('be.visible').and('exist').and('contain', '14%').wait(500); // Assertion for \"progress Bar\" 14% should be moved on Select Test Step\ncy.get('#patient_mrn').type('123').wait(500); // Taking valid input for \"patient_mrn\"\ncy.get('.transition-all').contains(\"29%\").should('have.text', '29%').should('be.visible').and('exist').and('contain', '29%').wait(500); // Assertion for \"progress Bar\" 29% should be moved on Select Test Step\n// Patient Contact Information Section\n// patient_email\ncy.get('input[name=\"patient_email\"]').type('abc').wait(500); // Taking invalid input for \"patient_email\"        \ncy.get(':nth-child(3) > .mt-1').contains(\"Email ID is invalid!\").should('have.text', 'Email ID is invalid!') // Assertion for \"Email ID is invalid!\" validation message\n.should('be.visible').and('exist').and('contain', 'Email ID').wait(500);\ncy.get('input[name=\"patient_email\"]').clear().wait(500); // Making input \"Email ID\" clear\ncy.get('input[name=\"patient_email\"]').type('abcabc@gmail.com').wait(500); // Taking valid input for \"patient_email\"        \n// patient_state\ncy.get('input[name=\"patient_state\"]').click().wait(500); // Tapping to patient_state \ncy.get('.shadow-md > :nth-child(2)').contains(\"Alaska\").should('have.text', 'Alaska') // Selecting a value from dropdown should be present\n.should('be.visible').and('exist').and('contain', 'Alaska').click().wait(500);\n// patient_city\ncy.get('input[name=\"patient_city\"]').click().wait(500); // Tapping to patient_city \ncy.get('.shadow-md > :nth-child(2)').contains(\"Aleutians East Borough\").should('have.text', 'Aleutians East Borough') // Selecting a value from dropdown should be present\n.should('be.visible').and('exist').and('contain', 'Aleutians').click().wait(500);\n// patient_phone\ncy.get('input[name=\"patient_phone\"]').type('123').wait(500); // Taking invalid input for \"patient_phone\"    \ncy.get(':nth-child(6) > .mr-5 > .mt-1').contains(\"Phone must contain 10 digits with following format 000-000-0000.\") // Assertion for invalid \"patient_phone\" validation message\n.should('have.text', 'Phone must contain 10 digits with following format 000-000-0000.').should('be.visible').and('exist').and('contain', '10 digits').wait(500);\ncy.get('.transition-all').contains(\"14%\").should('have.text', '14%').should('be.visible').and('exist').and('contain', '14%').wait(500); // Assertion for \"progress Bar\" 14% should be moved on Select Test Step    \ncy.get('svg').find('path[fill=none]').should('have.attr', 'stroke', '#d0d4db'); // Assertion for \"Patient Information\" checkmark color should be none \ncy.get('input[name=\"patient_phone\"]').clear().wait(500); // Making input \"patient_phone\" clear    \ncy.get('input[name=\"patient_phone\"]').type('232-323-2323').wait(500); // Taking valid input for \"patient_phone\"    \n// patient_zip_code\ncy.get('input[name=\"patient_zip_code\"]').type('123').wait(500); // Taking invalid input for \"patient_zip_code\"    \ncy.get(':nth-child(6) > .relative > .mt-1').contains(\"Zip code length must equal to 5\") // Assertion for invalid \"patient_zip_code\" validation message\n.should('have.text', 'Zip code length must equal to 5').should('be.visible').and('exist').and('contain', 'equal to 5').wait(500);\ncy.get('.transition-all').contains(\"14%\").should('have.text', '14%').should('be.visible').and('exist').and('contain', '14%').wait(500); // Assertion for \"progress Bar\" 14% should be moved on Select Test Step        \ncy.get('svg').find('path[fill=none]').should('have.attr', 'stroke', '#d0d4db'); // Assertion for \"Patient Information\" checkmark color should be none\ncy.get('input[name=\"patient_zip_code\"]').clear().wait(500); // Making input \"patient_zip_code\" clear    \ncy.get('input[name=\"patient_zip_code\"]').type('38574').wait(500); // Taking valid input for \"patient_zip_code\"    \ncy.get('.transition-all').contains(\"29%\").should('have.text', '29%').should('be.visible').and('exist').and('contain', '29%').wait(500); // Assertion for \"progress Bar\" 29% should be moved on Select Test Step\ncy.get('svg').find('path[fill=\"#18B5B7\"]').should('have.attr', 'stroke', 'white'); // Assertion for \"Patient Information\" checkmark color should be red\n// BILLING INFORMATION Section\ncy.get(':nth-child(3) > .flex > .break-normal').contains(\"billing information\").should('have.text', 'billing information') // Assertion for \"billing information\" heading should be present on left side    \n.should('be.visible').and('exist').and('contain', 'billing').click().wait(5000);\ncy.get(':nth-child(3) > .flex > .text-left').find('path[fill=none]').should('be.visible'); // Assertion for \"billing information\" checkmark color should be none \ncy.get('.transition-all').contains(\"29%\").should('have.text', '29%').should('be.visible').and('exist').and('contain', '29%').wait(500); // Assertion for \"progress Bar\" 29% should be moved on Select Test Step    \n//cy.get('.mt-5 > .text-base').contains(\"Billing Information\").should('have.text','Billing Information')                                            // Assertion for \"billing information\" heading should be present on section            \n//.should('be.visible').and('exist').and('contain','Billing').wait(500)  \ncy.get('input[name=\"icd_10\"]').click().wait(1000); // Tapping to icd_10 dropdown\ncy.get('.flex > .shadow-md').within(() => {\n  // Verifying all items exist in dropdown\n  cy.contains('C69.31 Malignant neoplasm of right choroid').should('be.visible');\n  cy.contains('C69.32 Malignant neoplasm of left choroid').should('be.visible').and('exist');\n  cy.contains('C69.41 Malignant neoplasm of right ciliary body').should('be.visible').and('exist');\n  cy.contains('C69.42 Malignant neoplasm of left ciliary body').should('be.visible').and('exist');\n  cy.contains('C69.90 Malignant neoplasm of unspecified site of unspecified eye').should('exist');\n  cy.contains('C69.91 Malignant neoplasm of unspecified site of right eye').should('exist');\n  cy.contains('C69.92 Malignant neoplasm of unspecified site of left eye').should('exist');\n  cy.contains('C78.7 Secondary Malignant neoplasm of liver').should('exist');\n});\ncy.get('.shadow-md > :nth-child(3)').contains(\"C69.41 Malignant neoplasm of right ciliary body\") // Selectimg C69.41 Malignant neoplasm...... from dropsown                         \n.should('have.text', 'C69.41 Malignant neoplasm of right ciliary body').should('be.visible').and('exist').and('contain', 'C69.41').click().wait(1000);\ncy.get('input[name=\"billing_phone\"]').should('be.visible').type('123').blur().wait(500); // Taking invalid input for \"phone\"    \ncy.get('p.text-xs').contains(\"Phone must contain 10 digits with following format 000-000-0000.\") // Assertion for invalid \"phone\" validation message\n.should('have.text', 'Phone must contain 10 digits with following format 000-000-0000.').should('be.visible').and('exist').and('contain', 'format 000-000-0000').wait(500);\ncy.get('input[name=\"billing_phone\"]').should('be.visible').clear().wait(500); // Making input \"phone\" clear    \ncy.get('input[name=\"billing_phone\"]').should('be.visible').type('232-323-2323').wait(500); // Taking valid input for \"phone\"        \ncy.get('input#non_hospital').check({\n  force: true\n}); // Check the radio button \"non_hospital\" forcefully\ncy.get('input#non_hospital').should('be.checked'); // Assert that the radio button \"non_hospital\" is checked\ncy.get('input#out_patient').check({\n  force: true\n}); // Check the radio button \"out_patient\" forcefully\ncy.get('input#out_patient').should('be.checked'); // Assert that the radio button \"out_patient\" is checked\ncy.get('input#in_patient').check({\n  force: true\n}); // Check the radio button \"Hospital Inpatient\" forcefully\ncy.get('input#in_patient').should('be.checked'); // Assert that the radio button \"Hospital Inpatient\" is checked\ncy.get('input[placeholder=\"MM/DD/YYYY\"]').eq(1).click().wait(500); // Tapping to \"Date of Discharge\" Datepicker\ncy.get(':nth-child(1) > .react-datepicker__day--028').click().wait(500); // Selecting Date fron DTP\ncy.get(':nth-child(3) > .flex > .text-left').find('path[fill=\"#18B5B7\"]').should('be.visible'); // Assertion for \"billing_information\" checkmark color should be red \ncy.get('.transition-all').contains(\"43%\").should('have.text', '43%').should('be.visible').and('exist').and('contain', '43%').wait(500); // Assertion for \"progress Bar\" 43% should be moved on billing_information Step    \n// Clinical Information Section\ncy.get(':nth-child(4) > .flex > .break-normal').contains(\"Clinical Information\").should('have.text', 'Clinical Information') // Assertion for \"Clinical Information\" heading should be present on left side    \n.should('be.visible').and('exist').and('contain', 'Clinical').click().wait(1000);\n//cy.contains('label', 'No').prev('input[name=\"question1\"]').check({force: true});\n//cy.get('.py-2 > .text-borderGray').click()    \ncy.contains('label', \"I don't know\").should('have.text', \"I don't know\").prev('input[type=\"radio\"]').click({\n  force: true\n});\n//cy.contains('div', 'Add-On Testing: DecisionDx-Prame').parent().find('label').contains('No').should('exist').click();\ncy.get(':nth-child(4) > .flex > .text-left').find('path[fill=\"#18B5B7\"]').should('be.visible'); // Assertion for \"Clinical_Information\" checkmark color should be red \ncy.get('.transition-all').contains(\"57%\").should('have.text', '57%').should('be.visible').and('exist').and('contain', '57%').wait(500); // Assertion for \"progress Bar\" 57% should be moved on billing_information Step    \n// ADDITIONAL INFORMATION Section   \ncy.get(':nth-child(5) > .flex > .break-normal').contains(\"Additional Information\").should('have.text', 'Additional Information') // Assertion for \"Additional Information\" heading should be present on left side    \n.should('be.visible').and('exist').and('contain', 'Additional').click().wait(1000);\ncy.get('input[name=\"has_additional_clinician\"]').click().wait(500); // Making \"has_additional_clinician\" check mark true \ncy.get('input[name=\"attestation\"]').click().wait(500); // Making \"attestation\" check mark true \ncy.get('.flex.justify-between > .flex > .text-base').contains(\"Additional Clinician 1\").should('have.text', 'Additional Clinician 1') // Assertion for \"Additional Clinician 1\" heading should be present on right frame    \n.should('be.visible').and('exist').and('contain', 'Additional').wait(500);\ncy.get('[type=\"button\"]').should('be.visible').and('exist').wait(500); // Verify that cross button is pesent on additional cilinicain frame\ncy.get('button > .mr-2').should('be.visible').and('exist').click().wait(500); // Verify that cross button is pesent on additional cilinicain frame and clicked        \ncy.get('input[name=\"has_additional_clinician\"]').click().wait(500); // Making \"has_additional_clinician\" check mark true again\ncy.get('input[name=\"attestation\"]').click().wait(500); // Making \"attestation\" check mark true again\ncy.get('input[name=\"additionalClinician[0].firstName').first().focus().wait(500); // Making focus on additionalClinician firstName                    \ncy.get('input[name=\"additionalClinician[0].lastName').first().focus().wait(500); // Making focus on additionalClinician lastName                    \ncy.get('input[name=\"additionalClinician[0].npi').first().focus().wait(500); // Taking focus on additionalClinician npi\ncy.get('input[name=\"additionalClinician[0].fax').first().focus().wait(500); // Taking focus on additionalClinician fax\ncy.get(':nth-child(2) > :nth-child(1) > .text-requiredRed').contains(\"First Name is required!\").should('have.text', 'First Name is required!') // Assertion for \"First Name is required!\" validation text\n.should('be.visible').and('exist').and('contain', 'First Name').wait(500);\ncy.get(':nth-child(2) > .text-requiredRed').contains(\"Last Name is required!\").should('have.text', 'Last Name is required!') // Assertion for \"Last Name is required!\" validation text\n.should('be.visible').and('exist').and('contain', 'Last Name').wait(500);\ncy.get(':nth-child(3) > .relative > .text-requiredRed').contains(\"NPI is required!\").should('have.text', 'NPI is required!') // Assertion for \"NPI is required!\" validation text\n.should('be.visible').and('exist').and('contain', 'NPI').wait(500);\ncy.get('input[name=\"additionalClinician[0].firstName').type('Additional').wait(500); // Taking input in additionalClinician firstName                    \ncy.get('input[name=\"additionalClinician[0].lastName').type('Clinician 1').wait(500); // Taking input in additionalClinician lastName                    \ncy.get('input[name=\"additionalClinician[0].npi').type('23').wait(500); // Taking invlid input in additionalClinician npi\ncy.get(':nth-child(3) > .relative > .text-requiredRed').contains(\"NPI must be a 10-digit number\") // Assertion for \"NPI must be a 10-digit number!\" validation text\n.should('have.text', 'NPI must be a 10-digit number').should('be.visible').and('exist').and('contain', '10-digit number').wait(500);\ncy.get('input[name=\"additionalClinician[0].npi').clear().wait(500); // Making clear additionalClinician npi\ncy.get('input[name=\"additionalClinician[0].npi').type('342322322322').wait(500); // Taking more thna 10 digits in additionalClinician npi\ncy.get('input[name=\"additionalClinician[0].npi').clear().wait(500); // Making clear additionalClinician npi\ncy.get('input[name=\"additionalClinician[0].npi').type('2322322322').wait(500); // Taking vlid input in additionalClinician npi\ncy.get(':nth-child(5) > .flex > .text-left').find('path[fill=\"#18B5B7\"]').should('be.visible'); // Assertion for \"additional_cilinicain\" checkmark color should be Grey \ncy.get('input[name=\"additionalClinician[0].fax').type('232-32_-____').wait(500); // Taking invlid input in additionalClinician fax\ncy.get(':nth-child(2) > .text-requiredRed').contains(\"Fax must contain 10 digits with the following format 000-000-0000\") // Assertion for \"Fax must contain 10 digits\" validation text\n.should('have.text', 'Fax must contain 10 digits with the following format 000-000-0000').should('be.visible').and('exist').and('contain', '10 digits').wait(500);\ncy.get(':nth-child(5) > .flex > .text-left').find('path[fill=none]').should('be.visible'); // Assertion for \"additional_cilinicain\" checkmark color should be none        \ncy.get('input[name=\"additionalClinician[0].fax').clear().wait(500); // Making clear additionalClinician fax\ncy.get('input[name=\"additionalClinician[0].fax').type('232-323-2223').wait(500); // Taking 10 digits in additionalClinician fax\n//cy.get(':nth-child(5) > .flex > .text-left').find('path[fill=\"#18B5B7\"]').should('be.visible')                                                      // Assertion for \"additional_cilinicain\" checkmark color should be Grey         \ncy.get(':nth-child(5) > .flex > .text-left').find('path[fill=\"#18B5B7\"]').should('be.visible'); // Assertion for \"additional_cilinicain\" checkmark color should be Grey         \ncy.get('input[name=\"additionalClinician[0].email').type('sdsdsd').wait(500); // Taking invlid input in additionalClinician email\ncy.get('input[name=\"additionalClinician[0].email').blur().wait(500); // Taking invlid input in additionalClinician email\ncy.get(':nth-child(4) > .text-requiredRed').contains(\"Email ID is invalid!\").should('have.text', 'Email ID is invalid!') // Assertion for \"Fax must contain 10 digits\" validation text        \n.should('be.visible').and('exist').and('contain', 'Email ID').wait(500);\ncy.get('.text-left svg').invoke('attr', 'fill').then(color => {\n  cy.expect(color).to.equal('#18B5B7');\n}); // Assertion for \"additional_cilinicain\" checkmark color should be Grey \ncy.get('input[name=\"additionalClinician[0].email').clear().wait(500); // Making clear additionalClinician email\ncy.get('input[name=\"additionalClinician[0].email').type('abc@gmail.com').wait(500); // Taking vaid input in additionalClinician email\ncy.get(':nth-child(5) > .flex > .text-left').find('path[fill=\"#18B5B7\"]').should('be.visible'); // Assertion for \"additional_cilinicain\" checkmark color should be grey \ncy.get('.transition-all').contains(\"71%\").should('have.text', '71%').should('be.visible').and('exist').and('contain', '71%').wait(500); // Assertion for \"progress Bar\" 71% should be moved on additional_cilinicain Step    \n//LABORATORY INFORMATION Section        \ncy.get(':nth-child(6) > .flex > .break-normal').contains(\"Laboratory Information\").should('have.text', 'Laboratory Information') // Assertion for \"Laboratory Information\" heading should be present on left side    \n.should('be.visible').and('exist').and('contain', 'Laboratory').click().wait(1000);\ncy.get('.sticky > .text-royalBlue').contains(\"Laboratory Information\").should('have.text', 'Laboratory Information') // Assertion for \"Laboratory Information\" heading should be present on section heading\n.should('be.visible').and('exist').and('contain', 'Laboratory').wait(1000);\ncy.get('input[name=\"name_of_facility').type('Qa').wait(2000); // Taking input in select laboratory\ncy.get('.shadow-md > :nth-child(2)').contains(\"110 | AF PathLab QA\").should('have.text', '110 | AF PathLab QA') // Assertion for \"laboratory name\" from dropdown and select\n.should('be.visible').and('exist').and('contain', 'AF PathLab QA').click().wait(500);\ncy.get(':nth-child(1) > .my-3 > .react-datepicker-wrapper > .react-datepicker__input-container > .py-2').click().wait(1000); // Tapping to \"Date of Collection\" Datepicker                        \ncy.get(':nth-child(1) > .react-datepicker__day--001').click().wait(1000); // Selecting date fron DTP\n//cy.get(':nth-child(4) > .my-3 > .react-datepicker-wrapper > .react-datepicker__input-container > .py-2').click().wait(1000)                       // Tapping to \"Medicare Pull Date\" Datepicker                        \n//cy.get('.react-datepicker__day--006').click().wait(1000)                                                                                          // Selecting date fron DTP\ncy.get('.transition-all').contains(\"86%\").should('have.text', '86%').should('be.visible').and('exist').and('contain', '86%').wait(500); // Assertion for \"progress Bar\" 86% should be moved on LABORATORY INFORMATION Step    \n//Supporting Documents Section  \ncy.get(':nth-child(7) > .flex > .break-normal').contains(\"supporting documents\").should('have.text', 'supporting documents') // Assertion for \"Supporting Documents\" heading should be present on left side    \n.should('be.visible').and('exist').and('contain', 'supporting').click().wait(5000);\ncy.get('.sticky > .text-royalBlue').contains(\"Supporting Documents\").should('have.text', 'Supporting Documents') // Assertion for \"Supporting Documents\" heading should be present on section heading\n.should('be.visible').and('exist').and('contain', 'Supporting');\ncy.get(':nth-child(1) > .mt-auto').attachFile(\"QA-Handbook.pdf\", {\n  subjectType: 'drag-n-drop'\n}).wait(10000); // Uploading Pdf file as Pathology Report        \ncy.get(':nth-child(2) > .mt-auto').attachFile(\"test-plan-ryoulive.doc\", {\n  subjectType: 'drag-n-drop'\n}).wait(10000); // Uploading .doc file as Insurance Cards/Billing Face Sheet        \ncy.get('button.ml-5').attachFile(\"Book1.xlsx\", {\n  subjectType: 'drag-n-drop'\n}).wait(5000); // Uploading excel file as Patient Info/Demographics sheet and showing eror alert                                                                                          \ncy.get('button.ml-5').attachFile(\"ukbary-2.PNG\", {\n  subjectType: 'drag-n-drop'\n}).wait(5000); // Uploading png file as Patient Info/Demographics sheet\ncy.get('.transition-all').contains(\"100%\").should('have.text', '100%').and('exist').and('contain', '100%').wait(500); // Assertion for \"progress Bar\" 100% should be moved on additional_cilinicain Step        \ncy.get(':nth-child(1) > .mt-auto > .items-start > :nth-child(2) > .w-full').click().wait(500); // Removing first file\ncy.get(':nth-child(2) > .mt-auto > .items-start > :nth-child(2) > .w-full').click().wait(500); // Removing second file\ncy.get(':nth-child(3) > .mt-auto > .items-start > :nth-child(2) > .w-full').click().wait(500); // Removing third file\ncy.get('.justify-end > div:nth-child(1) > div:nth-child(1) > button:nth-child(2)').contains(\"Skip\").should('have.text', 'Skip') // Assertion for \"Skip\" button is present and clicked\n.should('be.visible').and('exist').and('contain', 'Skip').click().wait(500);\ncy.get('p[data-for=\"Send for Approval\"]').parent('[type=\"button\"]').should('be.enabled').wait(500); // Assertion for \"Send for Approval\" Button is present and enabled        \ncy.get('#isPhysicianSignPermission').should('be.visible').and('exist').click().wait(500); // \"isPhysicianSignPermission\" Button is present and clicked                \ncy.get('button.bg-primary:nth-child(4)').contains(\"Submit\").should('have.text', 'Submit').should('be.visible').and('exist') // Assertion for Send for Approval changed with \"Submit\" Button is present and clicked\n.and('contain', 'Submit').click().wait(10000);",
              "err": {},
              "uuid": "91e01659-b443-42a4-a277-e20267c92e6b",
              "parentUUID": "f45811ae-5dc9-4020-a219-1a3c9b768f61",
              "isHook": false,
              "skipped": false
            },
            {
              "title": "Verify DecisionDx-UMSeq Test Created and Submitted Flow",
              "fullTitle": "DecisionDx-UMSeq Online Order Submission Suite Verify DecisionDx-UMSeq Test Created and Submitted Flow",
              "timedOut": null,
              "duration": 147705,
              "state": "passed",
              "speed": "slow",
              "pass": true,
              "fail": false,
              "pending": false,
              "context": null,
              "code": "cy.viewport(1920, 1081);\ncy.visit(\"https://demo.clabsportal.com/\");\ncy.get('[type=\"button\"]').contains(\"login\").should('be.visible').and('exist').and('contain', 'login').click().wait(500); // Click to Login button usimg btn type    >> Best Practise\n// Input username\ncy.origin('https://democlient.clabsportal.com', () => {\n  cy.wait(1000);\n  cy.get('input[name=\"username\"]').type(\"dodobo3146@appxapi.com\"); // Get username by attribute name and type in it\n  cy.get('input[name=\"username\"]').should('have.value', 'dodobo3146@appxapi.com'); // Check username if the username is correctly input            \n  cy.get('input[name=\"password\"]').type(\"bhwY8En6a\"); // Get password by attribute name and type in it\n  cy.get('input[name=\"password\"]').should('have.value', 'bhwY8En6a'); // Check password if the password is correctly input\n  //cy.get(\"input#okta-signin-submit\").should('be.visible').and('exist').and('contain','Sign In').click()                                                           // Get submit btn and check if the btn text is \"Sign In\" \n  cy.get('[type=\"submit\"]').contains(\"Sign In\").should('be.visible').and('exist').and('contain', 'Sign In').click(); // Get submit btn by btn type and cick on it   >> Best Practise                                \n});\ncy.get('.grid-cols-1 > .border-r > .md\\\\:flex > [href=\"/access/test-orders\"]', {\n  timeout: 20000\n}).contains(\"Test Orders\") // Test Orders Tab click\n.should('be.visible').and('exist').and('contain', 'Orders').click().wait(5000);\ncy.get('.primaryBtn').contains(\"New Online Order\").should('be.visible').and('exist', {\n  timeout: 5000\n}).and('contain', 'Online Order').click(); // New Online Order Btn Assertion\ncy.get('.my-4 > .my-2 > .bg-white').should('be.visible').and('exist').click().wait(500); // All ORG Dropdown \ncy.get('.rounded-md > .hover\\\\:bg-sideNavGray').click().wait(500); // Select ORG from dropdown  \ncy.get('.my-4 > .my-2 > .bg-white').should('be.visible').and('exist').click().wait(500); // All ORG Dropdown click\ncy.get('.rounded-md > .hover\\\\:bg-sideNavGray').click().wait(500); // Select ORG from dropdown        \ncy.get('.p-6 > .flex-col > :nth-child(2) > .my-2 > .bg-white').click().wait(500); // Phy dropdown Assertion        \ncy.get('.rounded-md > :nth-child(1) > .w-full > .font-normal').click().wait(500); // Select Phy from dropdown\ncy.get('.justify-end > span > .primaryBtn').click().wait(500); // Press next btn\n// Flow 1: Create Order by input New paitent Name\ncy.get('.p-6 > .patientSearchContainer > .block > .my-3 > .relative > .font-sans').type('QA').wait(1000); // Input Patient Name\ncy.get('.py-2 > .undefined').click().wait(500); // Press ADD btn to add new patient\ncy.get('#firstName').type('Jacob').wait(500); // Add First Name\ncy.get('#lastName').type('Oram').wait(500); // Add Last Name\ncy.get('.mr-\\\\[3\\\\.5\\\\%\\\\] > .flex-col > .react-datepicker-wrapper > .react-datepicker__input-container > .w-full').type('05-16-1975'); // Add DOB\ncy.get('#gender').click().wait(500); // Tap gender dropdown\ncy.get(':nth-child(1) > .transparentBtn > .font-normal').click().wait(500); // Select Male\ncy.get(':nth-child(2) > .primaryBtn').click().wait(500); // Tap to Next btn\ncy.get(':nth-child(2) > .primaryBtn').click().wait(500); // Tap to Next btn again\ncy.get(':nth-child(2) > .primaryBtn').click().wait(1000); // Tap to Proceed to order btn\ncy.get('.flex-row > :nth-child(1) > span > .secondaryBtn').contains(\"Review\").should('have.text', 'Review').should('be.visible').and('exist').wait(500); // Assertion for \"review\" Button is present\ncy.get('button.secondaryBtn').should('contain.text', 'Save and Exit').and('be.disabled').wait(500); // Assertion for \"save_and_exit\" Button is present and disabled\ncy.get('#Select\\\\ Test > .my-2').contains(\"Select Test\").should('have.text', 'Select Test').should('be.visible').and('exist').and('contain', 'Select').wait(500); // Assertion for \"Select Test\" heading is present.            \n// Side bar icons color assertions\ncy.get('path[data-name=\"Path 5122\"]').each($el => {\n  // Asserting each sidebar circle icon color in not filled.\n  cy.wrap($el).should('have.attr', 'fill', 'none');\n});\n//cy.get(':nth-child(4) > .rounded-md > .px-4').scrollIntoView().should('have.text','DecisionDx-UMSeq').should('be.visible').and('exist').wait(500)\ncy.get(':nth-child(4) > .rounded-md > .py-4 > .flex-wrap > :nth-child(2) > .flex > .font-medium').scrollIntoView().should('have.text', 'DecisionDx-UMSeq') // Tapping to DecisionDx-UMSeq Test\n.should('be.visible').and('exist').click().wait(500);\ncy.get('#securityInfo\\\\.ssn').type('232-32-3232'); // Input SSN\ncy.get(':nth-child(2) > .primaryBtn').click().wait(500); // Tap to Proceed to order btn\ncy.get('path[data-name=\"Path 5122\"]').should('have.attr', 'fill', '#18B5B7'); // Asserting side bar Select text icon color is filled  \n// ----------------- Billing Info Section\ncy.get('a[href=\"#Billing Information\"] p', {\n  timeout: 1000\n}).should('have.text', 'Billing Information').should('be.visible').click(); // Asserting side bar billing information and clicked \ncy.get('#billingInfo\\\\.icdCodeId', {\n  timeout: 1000\n}).click(); // Asserting icd 10 code is present and clicked\n// select a random option from dropdown under billing info\ncy.get('div.absolute ul span button').then($options => {\n  // ✅ Ensure dropdown has options\n  expect($options.length).to.be.greaterThan(0);\n  // ✅ Pick a random index\n  const randomIndex = Cypress._.random(0, $options.length - 1);\n  // ✅ Get the random option\n  const $randomOption = $options[randomIndex];\n  // ✅ Assert its text is not empty\n  cy.wrap($randomOption).find('p').invoke('text').then(text => {\n    expect(text.trim()).to.not.be.empty;\n    cy.log('Randomly selected option: ' + text.trim());\n  });\n  // ✅ Click the random option\n  cy.wrap($randomOption).click({\n    force: true\n  });\n});\ncy.get('input[name=\"billingInfo.typeOfFacility\"]').then($options => {\n  // Seleting type of facility randomly.\n  const randomIndex = Math.floor(Math.random() * $options.length); // pick 0, 1, or 2\n  const chosen = $options[randomIndex];\n  cy.wrap(chosen).click({\n    force: true\n  });\n  cy.log('Selected option: ' + chosen.value);\n  // If it's the 3rd option (Hospital Inpatient), assert + fill DTP\n  if (chosen.value === \"Hospital Inpatient\") {\n    cy.get('#Billing\\\\ Information > .p-6 > :nth-child(4) > .false > .react-datepicker-wrapper > .react-datepicker__input-container > .w-full').should('be.visible').should('have.attr', 'placeholder', 'MM-DD-YYYY').type('05-10-1975'); // example date\n  }\n});\n// Additional Info section\n//cy.get('[href=\"#Additional Information\"] > .w-full > .font-normal').should('have.text','Additional Information').should('be.visible').and('exist').click().wait(1000)                                                                        // Selecting Additional Info from side menu\n//cy.get('input[name=\"isAdditionalClinician\"]').then($checkbox => {\n//if ($checkbox.is(':disabled')) {\n//    cy.log('Checkbox is disabled, skipping...');\n//} else {\n//    cy.wrap($checkbox).check({ force: true });\n//    cy.wrap($checkbox).should('be.checked');    \n//  //cy.get('.align-top > div > .mt-3').click()                                                                                    // tap to checkbox\n//    cy.get('.align-top > div > .mt-3 > .undefined').click().wait(1000)                                                                                 // tap to 2nd checkbox\n//    cy.get(':nth-child(3) > div > .mt-3 > span.undefined').should('have.text','By checking this box, I hereby acknowledge this clinician(s) will receive the final test report and associated PHI').should('be.visible').and('exist')\n//    cy.get('#firstName', { timeout: 1000 }).type('Jony')\n//    cy.get('#lastName', { timeout: 1000 }).type('way')\n//    cy.get('#npi', { timeout: 1000 }).type('5557774448')\n//    cy.get('#fax', { timeout: 1000 }).type('885-741-8852')\n//    cy.get('#email', { timeout: 1000 }).type('jony@gmail.com')\n//    cy.get('.flex > .mt-3 > .checkmark', { timeout: 1000 }).click()\n//    }\n//});\n// Clinical Information Setion\ncy.get('a[href=\"#Clinical Information\"] p').should('have.text', 'Clinical Information').should('be.visible').and('exist').click().wait(500); // Selecting Clinical Info from side menu\n// select isExposedToRadiation\ncy.get('input[name=\"isExposedToRadiation\"]').then($options => {\n  // ✅ Assert there are exactly 3 radio buttons\n  expect($options.length).to.eq(3);\n  // ✅ Assert their text values\n  const expected = [\"Yes\", \"No\", \"I don't know\"];\n  cy.wrap($options).each(($option, index) => {\n    cy.wrap($option).prev('span') // the <span> before input holds the label text\n    .invoke('text').then(text => {\n      expect(text.trim()).to.eq(expected[index]);\n    });\n  });\n  // ✅ Pick a random radio button\n  const randomIndex = Cypress._.random(0, $options.length - 1);\n  // ✅ Click the randomly selected radio button\n  cy.wrap($options[randomIndex]).click({\n    force: true\n  });\n  cy.log('Randomly selected option: ' + $options[randomIndex].value);\n});\n// Laboratory Setion\ncy.get('a[href=\"#Laboratory Information\"] p').should('have.text', 'Laboratory Information').should('be.visible').and('exist').click().wait(500); // Selecting Laboratory Info from side menu\ncy.get('input[name=\"laboratoryInfo.typeOfSpecimen\"]').then($options1 => {\n  // Seleting type of Specimen randomly.\n  const randomIndex1 = Math.floor(Math.random() * $options1.length); // pick 0, 1, or 2\n  const chosen1 = $options1[randomIndex1];\n  // Click the randomly selected input\n  cy.wrap(chosen1).click({\n    force: true\n  });\n});\ncy.get('#laboratoryInfo\\\\.labortaryName').type('a').wait(1000); // typing text in Name of facility\ncy.get(':nth-child(4) > .transparentBtn > .font-normal').click().wait(500); // Select 4th option\ncy.get('.my-3.false > .flex-col > .react-datepicker-wrapper > .react-datepicker__input-container > .w-full').type('05-16-2025'); // date input\n// Shipment Information\ncy.get('a[href=\"#Shipment Information\"] p').should('have.text', 'Shipment Information').should('be.visible').and('exist').click().wait(500);\ncy.get('.mb-4 > .mt-3 > .checkmark').click().wait(500); // Click shipping check box                             \n// Get all radio buttons by name\ncy.get('input[name=\"shipMethod\"]').then($radios => {\n  expect($radios.length).to.be.greaterThan(0); // assert radios exist\n  // ✅ Assert label text for each radio\n  cy.wrap($radios).each($el => {\n    cy.wrap($el).parent('label') // go up to the <label>\n    .find('span') // find the text span\n    .invoke('text').then(text => {\n      cy.log('Found radio option: ' + text.trim());\n      expect(text.trim()).to.be.oneOf(['FedEx', 'USPS', 'UPS', 'DHL', 'Private Courier', 'Hand-Delivered']);\n    });\n  });\n  // ✅ Pick a random radio and click it\n  const randomIndex = Cypress._.random(0, $radios.length - 1);\n  cy.wrap($radios[randomIndex]).check({\n    force: true\n  }).should('be.checked');\n  cy.log('Randomly selected option: ' + $radios[randomIndex].value);\n});\n// Supporting doc section\ncy.get('a[href=\"#Supporting Documents\"] p').click().wait(500);\ncy.get(':nth-child(2) > .max-w-\\\\[300px\\\\] > .font-normal').should('have.text', 'Pathology Report').should('be.visible').and('exist');\ncy.get(':nth-child(2) > .max-w-\\\\[300px\\\\] > .bg-\\\\[\\\\#F9F9FA\\\\]').should('be.visible').and('exist');\ncy.get(':nth-child(2) > .max-w-\\\\[300px\\\\] > .bg-\\\\[\\\\#F9F9FA\\\\] > span > .secondaryBtn', {\n  timeout: 5000\n}).attachFile(\"QA-Handbook.pdf\", {\n  subjectType: 'drag-n-drop'\n});\ncy.get(':nth-child(3) > .max-w-\\\\[300px\\\\] > .font-normal').should('have.text', 'Patient Info / Demographics Sheet', {\n  timeout: 5000\n}).should('be.visible').and('exist');\ncy.get(':nth-child(3) > .max-w-\\\\[300px\\\\] > .bg-\\\\[\\\\#F9F9FA\\\\]').should('be.visible').and('exist');\ncy.get(':nth-child(3) > .max-w-\\\\[300px\\\\] > .bg-\\\\[\\\\#F9F9FA\\\\] > span > .secondaryBtn', {\n  timeout: 5000\n}).attachFile(\"QA-Handbook.pdf\", {\n  subjectType: 'drag-n-drop'\n});\ncy.get(':nth-child(4) > .max-w-\\\\[300px\\\\] > .font-normal').should('have.text', 'Insurance Card / Billing Face Sheet', {\n  timeout: 5000\n}).should('be.visible').and('exist');\ncy.get(':nth-child(4) > .max-w-\\\\[300px\\\\] > .bg-\\\\[\\\\#F9F9FA\\\\]').should('be.visible').and('exist');\ncy.get(':nth-child(4) > .max-w-\\\\[300px\\\\] > .bg-\\\\[\\\\#F9F9FA\\\\] > span > .secondaryBtn', {\n  timeout: 5000\n}).attachFile(\"QA-Handbook.pdf\", {\n  subjectType: 'drag-n-drop'\n});\n// Notes \ncy.get('#notes').type('Testing notes');\ncy.get('.primaryBtn').click().wait(5000); // Press Submit btn                                                                                                                                       \ncy.get('.justify-between > .w-full > .font-semibold').should('have.text', 'Test Submission').should('be.visible').and('exist'); // Test Submission Heading assertion\ncy.get(':nth-child(3) > .flex > span > .primaryBtn').should('have.text', 'Send for approval').should('be.visible').and('exist').click().wait(50000); // Send for approval btn click                                                                                                  \ncy.get('.text-3xl').should('have.text', 'Order Sent For Approval').should('be.visible').and('exist').wait(5000); // Order Sent For Approval assertion                                                                                                  \ncy.get('.grid-cols-1 > .border-r > .md\\\\:flex > [href=\"/access/test-orders\"]', {\n  timeout: 2000\n}).contains(\"Test Orders\") // Test Orders Tab click\n.should('be.visible').and('exist').and('contain', 'Orders').click().wait(5000);\ncy.get(':nth-child(1) > .lg\\\\:right-0 > .py-1').should('have.text', 'Pending Approval').should('be.visible').and('exist').wait(2000); // Chwck the order status is pending submission  \ncy.get('.rounded-full > .max-w-\\\\[316px\\\\] > .h-full').click().wait(500); // Profile icon click\ncy.get('.py-2 > .font-normal', {\n  timeout: 5000\n}).click().wait(5000); // logout\n//cy.get('.flex-row > :nth-child(1) > span > .secondaryBtn').contains(\"Review\").should('have.text','Review').should('be.visible').and('exist').click().wait(500)             // Assertion for \"review\" Button is present\n//cy.get('button.secondaryBtn').should('contain.text', 'Save and Exit').and('be.enabled').click().wait(2000)                                                                 // Assertion for \"save_and_exit\" Button is present and disabled",
              "err": {},
              "uuid": "8ea8a3e7-32fa-4d04-8b95-f20e6fa4e80a",
              "parentUUID": "f45811ae-5dc9-4020-a219-1a3c9b768f61",
              "isHook": false,
              "skipped": false
            },
            {
              "title": "Verify DecisionDx-UMSeq Test Created with Save and Exit Flow",
              "fullTitle": "DecisionDx-UMSeq Online Order Submission Suite Verify DecisionDx-UMSeq Test Created with Save and Exit Flow",
              "timedOut": null,
              "duration": 199504,
              "state": "passed",
              "speed": "slow",
              "pass": true,
              "fail": false,
              "pending": false,
              "context": null,
              "code": "cy.viewport(1920, 1081);\ncy.visit(\"https://demo.clabsportal.com/\");\ncy.get('[type=\"button\"]').contains(\"login\").should('be.visible').and('exist').and('contain', 'login').click().wait(500); // Click to Login button usimg btn type    >> Best Practise\n// Input username\ncy.origin('https://democlient.clabsportal.com', () => {\n  cy.wait(1000);\n  cy.get('input[name=\"username\"]').type(\"dodobo3146@appxapi.com\"); // Get username by attribute name and type in it\n  cy.get('input[name=\"username\"]').should('have.value', 'dodobo3146@appxapi.com'); // Check username if the username is correctly input            \n  cy.get('input[name=\"password\"]').type(\"bhwY8En6a\"); // Get password by attribute name and type in it\n  cy.get('input[name=\"password\"]').should('have.value', 'bhwY8En6a'); // Check password if the password is correctly input\n  //cy.get(\"input#okta-signin-submit\").should('be.visible').and('exist').and('contain','Sign In').click()                                                       // Get submit btn and check if the btn text is \"Sign In\" \n  cy.get('[type=\"submit\"]').contains(\"Sign In\").should('be.visible').and('exist').and('contain', 'Sign In').click(); // Get submit btn by btn type and cick on it   >> Best Practise                                \n});\n// Order Creation and Save and Exit with pending submission status Flow //          \ncy.get('.grid-cols-1 > .border-r > .md\\\\:flex > [href=\"/access/test-orders\"]', {\n  timeout: 20000\n}).contains(\"Test Orders\") // Test Orders Tab click\n.should('be.visible').and('exist').and('contain', 'Orders').click().wait(5000);\ncy.get('.primaryBtn').contains(\"New Online Order\").should('be.visible').and('exist', {\n  timeout: 5000\n}).and('contain', 'Online Order').click(); // New Online Order Btn Assertion\ncy.get('.my-4 > .my-2 > .bg-white').should('be.visible').and('exist').click().wait(500); // All ORG Dropdown \ncy.get('.rounded-md > .hover\\\\:bg-sideNavGray').click().wait(500); // Select ORG from dropdown  \ncy.get('.my-4 > .my-2 > .bg-white').should('be.visible').and('exist').click().wait(500); // All ORG Dropdown click\ncy.get('.rounded-md > .hover\\\\:bg-sideNavGray').click().wait(500); // Select ORG from dropdown        \ncy.get('.p-6 > .flex-col > :nth-child(2) > .my-2 > .bg-white').click().wait(500); // Phy dropdown Assertion        \ncy.get('.rounded-md > :nth-child(1) > .w-full > .font-normal').click().wait(500); // Select Phy from dropdown\ncy.get('.justify-end > span > .primaryBtn').click().wait(500); // Press next btn\n// Flow 1: Create Order by input New paitent Name\ncy.get('.p-6 > .patientSearchContainer > .block > .my-3 > .relative > .font-sans').type('QA').wait(1000); // Input Patient Name\ncy.get('.py-2 > .undefined').click().wait(500); // Press ADD btn to add new patient\ncy.get('#firstName').type('Jacob').wait(500); // Add First Name\ncy.get('#lastName').type('Oram').wait(500); // Add Last Name\ncy.get('.mr-\\\\[3\\\\.5\\\\%\\\\] > .flex-col > .react-datepicker-wrapper > .react-datepicker__input-container > .w-full').type('05-16-1975'); // Add DOB\ncy.get('#gender').click().wait(500); // Tap gender dropdown\ncy.get(':nth-child(1) > .transparentBtn > .font-normal').click().wait(500); // Select Male\ncy.get(':nth-child(2) > .primaryBtn').click().wait(500); // Tap to Next btn\ncy.get(':nth-child(2) > .primaryBtn').click().wait(500); // Tap to Next btn again\ncy.get(':nth-child(2) > .primaryBtn').click().wait(1000); // Tap to Proceed to order btn\ncy.get('.flex-row > :nth-child(1) > span > .secondaryBtn').contains(\"Review\").should('have.text', 'Review').should('be.visible').and('exist').wait(500); // Assertion for \"review\" Button is present\ncy.get(':nth-child(2) > span > .secondaryBtn').should('contain.text', 'Save and Exit').and('be.disabled').wait(500); // Assertion for \"save_and_exit\" Button is present and disabled\ncy.get('#Select\\\\ Test > .my-2').contains(\"Select Test\").should('have.text', 'Select Test').should('be.visible').and('exist').and('contain', 'Select').wait(500); // Assertion for \"Select Test\" heading is present.            \n// Side bar icons color assertions\ncy.get('path[data-name=\"Path 5122\"]').each($el => {\n  // Asserting each sidebar circle icon color in not filled.\n  cy.wrap($el).should('have.attr', 'fill', 'none');\n});\ncy.get(':nth-child(4) > .rounded-md > .py-4 > .flex-wrap > :nth-child(2) > .flex > .font-medium').scrollIntoView().should('have.text', 'DecisionDx-UMSeq') // Tapping to DecisionDx-UMSeq Test\n.should('be.visible').and('exist').click().wait(500);\ncy.get('#securityInfo\\\\.ssn').type('232-32-3232'); // Input SSN\ncy.get(':nth-child(2) > .primaryBtn').click().wait(500); // Tap to Proceed to order btn\ncy.get('path[data-name=\"Path 5122\"]').should('have.attr', 'fill', '#18B5B7'); // Asserting side bar Select text icon color is filled  \n// ----------------- Billing Info Section\ncy.get('a[href=\"#Billing Information\"] p', {\n  timeout: 1000\n}).should('have.text', 'Billing Information').should('be.visible').click(); // Asserting side bar billing information and clicked \ncy.get('#billingInfo\\\\.icdCodeId', {\n  timeout: 1000\n}).click(); // Asserting icd 10 code is present and clicked\n// select a random option from dropdown under billing info\ncy.get('div.absolute ul span button').then($options => {\n  // ✅ Ensure dropdown has options\n  expect($options.length).to.be.greaterThan(0);\n  // ✅ Pick a random index\n  const randomIndex = Cypress._.random(0, $options.length - 1);\n  // ✅ Get the random option\n  const $randomOption = $options[randomIndex];\n  // ✅ Assert its text is not empty\n  cy.wrap($randomOption).find('p').invoke('text').then(text => {\n    expect(text.trim()).to.not.be.empty;\n    cy.log('Randomly selected option: ' + text.trim());\n  });\n  // ✅ Click the random option\n  cy.wrap($randomOption).click({\n    force: true\n  });\n});\ncy.get('input[name=\"billingInfo.typeOfFacility\"]').then($options => {\n  // Seleting type of facility randomly.\n  const randomIndex = Math.floor(Math.random() * $options.length); // pick 0, 1, or 2\n  const chosen = $options[randomIndex];\n  cy.wrap(chosen).click({\n    force: true\n  });\n  cy.log('Selected option: ' + chosen.value);\n  // If it's the 3rd option (Hospital Inpatient), assert + fill DTP\n  if (chosen.value === \"Hospital Inpatient\") {\n    cy.get('#Billing\\\\ Information > .p-6 > :nth-child(4) > .false > .react-datepicker-wrapper > .react-datepicker__input-container > .w-full').should('be.visible').should('have.attr', 'placeholder', 'MM-DD-YYYY').type('05-10-1975'); // example date\n  }\n});\n// Additional Info section\n//cy.get('a[href=\"#Additional Information\"] p').should('have.text','Additional Information').should('be.visible').and('exist').click().wait(1000)                                                                        // Selecting Additional Info from side menu\n//cy.get('input[name=\"isAdditionalClinician\"]').then($checkbox => {\n//if ($checkbox.is(':disabled')) {\n//    cy.log('Checkbox is disabled, skipping...');\n//} else {\n//    cy.wrap($checkbox).check({ force: true });\n//   cy.wrap($checkbox).should('be.checked');    \n//   //cy.get('.align-top > div > .mt-3').click()                                                                                    // tap to checkbox\n//   cy.get('.align-top > div > .mt-3 > .undefined').click().wait(1000)                                                                                 // tap to 2nd checkbox\n//   cy.get(':nth-child(3) > div > .mt-3 > span.undefined').should('have.text','By checking this box, I hereby acknowledge this clinician(s) will receive the final test report and associated PHI').should('be.visible').and('exist')\n//   cy.get('#firstName', { timeout: 1000 }).type('Jony')\n//   cy.get('#lastName', { timeout: 1000 }).type('way')\n//   cy.get('#npi', { timeout: 1000 }).type('5557774448')\n//   cy.get('#fax', { timeout: 1000 }).type('885-741-8852')\n//   cy.get('#email', { timeout: 1000 }).type('jony@gmail.com')\n//   cy.get('.flex > .mt-3 > .checkmark', { timeout: 1000 }).click()\n//   }\n//});\n// Clinical Information Setion\ncy.get('a[href=\"#Clinical Information\"] p').should('have.text', 'Clinical Information').should('be.visible').and('exist').click().wait(500); // Selecting Clinical Info from side menu\n// select isExposedToRadiation\ncy.get('input[name=\"isExposedToRadiation\"]').then($options => {\n  // ✅ Assert there are exactly 3 radio buttons\n  expect($options.length).to.eq(3);\n  // ✅ Assert their text values\n  const expected = [\"Yes\", \"No\", \"I don't know\"];\n  cy.wrap($options).each(($option, index) => {\n    cy.wrap($option).prev('span') // the <span> before input holds the label text\n    .invoke('text').then(text => {\n      expect(text.trim()).to.eq(expected[index]);\n    });\n  });\n  // ✅ Pick a random radio button\n  const randomIndex = Cypress._.random(0, $options.length - 1);\n  // ✅ Click the randomly selected radio button\n  cy.wrap($options[randomIndex]).click({\n    force: true\n  });\n  cy.log('Randomly selected option: ' + $options[randomIndex].value);\n});\n// Laboratory Setion\ncy.get('a[href=\"#Laboratory Information\"] p').should('have.text', 'Laboratory Information').should('be.visible').and('exist').click().wait(500); // Selecting Laboratory Info from side menu\ncy.get('input[name=\"laboratoryInfo.typeOfSpecimen\"]').then($options1 => {\n  // Seleting type of Specimen randomly.\n  const randomIndex1 = Math.floor(Math.random() * $options1.length); // pick 0, 1, or 2\n  const chosen1 = $options1[randomIndex1];\n  // Click the randomly selected input\n  cy.wrap(chosen1).click({\n    force: true\n  });\n});\ncy.get('#laboratoryInfo\\\\.labortaryName').type('a').wait(1000); // typing text in Name of facility\ncy.get(':nth-child(4) > .transparentBtn > .font-normal').click().wait(500); // Select 4th option\ncy.get('.my-3.false > .flex-col > .react-datepicker-wrapper > .react-datepicker__input-container > .w-full').type('05-16-2025').wait(500); // date input\n// Shipment Information\ncy.get('a[href=\"#Shipment Information\"] p').should('have.text', 'Shipment Information').should('be.visible').and('exist').click().wait(500);\ncy.get('.mb-4 > .mt-3 > .checkmark').click().wait(500); // Click shipping check box                             \n// Get all radio buttons by name\ncy.get('input[name=\"shipMethod\"]').then($radios => {\n  expect($radios.length).to.be.greaterThan(0); // assert radios exist\n  // ✅ Assert label text for each radio\n  cy.wrap($radios).each($el => {\n    cy.wrap($el).parent('label') // go up to the <label>\n    .find('span') // find the text span\n    .invoke('text').then(text => {\n      cy.log('Found radio option: ' + text.trim());\n      expect(text.trim()).to.be.oneOf(['FedEx', 'USPS', 'UPS', 'DHL', 'Private Courier', 'Hand-Delivered']);\n    }).wait(500);\n  });\n  // ✅ Pick a random radio and click it\n  const randomIndex = Cypress._.random(0, $radios.length - 1);\n  cy.wrap($radios[randomIndex]).check({\n    force: true\n  }).should('be.checked');\n  cy.log('Randomly selected option: ' + $radios[randomIndex].value);\n});\n// Supporting doc section\ncy.get('a[href=\"#Supporting Documents\"] p').click().wait(500);\ncy.get(':nth-child(2) > .max-w-\\\\[300px\\\\] > .font-normal').should('have.text', 'Pathology Report').should('be.visible').and('exist');\ncy.get(':nth-child(2) > .max-w-\\\\[300px\\\\] > .bg-\\\\[\\\\#F9F9FA\\\\]').should('be.visible').and('exist');\ncy.get(':nth-child(2) > .max-w-\\\\[300px\\\\] > .bg-\\\\[\\\\#F9F9FA\\\\] > span > .secondaryBtn', {\n  timeout: 5000\n}).attachFile(\"QA-Handbook.pdf\", {\n  subjectType: 'drag-n-drop'\n});\ncy.get(':nth-child(3) > .max-w-\\\\[300px\\\\] > .font-normal').should('have.text', 'Patient Info / Demographics Sheet', {\n  timeout: 5000\n}).should('be.visible').and('exist');\ncy.get(':nth-child(3) > .max-w-\\\\[300px\\\\] > .bg-\\\\[\\\\#F9F9FA\\\\]').should('be.visible').and('exist');\ncy.get(':nth-child(3) > .max-w-\\\\[300px\\\\] > .bg-\\\\[\\\\#F9F9FA\\\\] > span > .secondaryBtn', {\n  timeout: 5000\n}).attachFile(\"QA-Handbook.pdf\", {\n  subjectType: 'drag-n-drop'\n});\ncy.get(':nth-child(4) > .max-w-\\\\[300px\\\\] > .font-normal').should('have.text', 'Insurance Card / Billing Face Sheet', {\n  timeout: 5000\n}).should('be.visible').and('exist');\ncy.get(':nth-child(4) > .max-w-\\\\[300px\\\\] > .bg-\\\\[\\\\#F9F9FA\\\\]').should('be.visible').and('exist');\ncy.get(':nth-child(4) > .max-w-\\\\[300px\\\\] > .bg-\\\\[\\\\#F9F9FA\\\\] > span > .secondaryBtn', {\n  timeout: 5000\n}).attachFile(\"QA-Handbook.pdf\", {\n  subjectType: 'drag-n-drop'\n});\n// Notes \ncy.get('#notes').type('Testing notes');\n//cy.get('.flex-row > :nth-child(1) > span > .secondaryBtn').contains(\"Review\").should('have.text','Review').should('be.visible').and('exist').click().wait(500)                             // Assertion for \"review\" Button is present\ncy.get(':nth-child(2) > span > .secondaryBtn').should('contain.text', 'Save and Exit').and('be.enabled').click().wait(50000); // Assertion for \"save_and_exit\" Button is present and disabled   \ncy.get(':nth-child(1) > .lg\\\\:right-0 > .py-1').should('have.text', 'Pending Submission').should('be.visible').and('exist').wait(2000); // Chwck the order status is pending submission  \n// Order Creation and Save and Exit with In Progress status Flow //          \ncy.get('.primaryBtn').contains(\"New Online Order\").should('be.visible').and('exist', {\n  timeout: 5000\n}).and('contain', 'Online Order').click(); // New Online Order Btn Assertion\ncy.get('.my-4 > .my-2 > .bg-white').should('be.visible').and('exist').click().wait(500); // All ORG Dropdown \ncy.get('.rounded-md > .hover\\\\:bg-sideNavGray').click().wait(500); // Select ORG from dropdown  \ncy.get('.my-4 > .my-2 > .bg-white').should('be.visible').and('exist').click().wait(500); // All ORG Dropdown click\ncy.get('.rounded-md > .hover\\\\:bg-sideNavGray').click().wait(500); // Select ORG from dropdown        \ncy.get('.p-6 > .flex-col > :nth-child(2) > .my-2 > .bg-white').click().wait(500); // Phy dropdown Assertion        \ncy.get('.rounded-md > :nth-child(1) > .w-full > .font-normal').click().wait(500); // Select Phy from dropdown\ncy.get('.justify-end > span > .primaryBtn').click().wait(500); // Press next btn\n// Flow 1: Create Order by input New paitent Name\ncy.get('.p-6 > .patientSearchContainer > .block > .my-3 > .relative > .font-sans').type('QA').wait(1000); // Input Patient Name\ncy.get('.py-2 > .undefined').click().wait(500); // Press ADD btn to add new patient\ncy.get('#firstName').type('Deens').wait(500); // Add First Name\ncy.get('#lastName').type('Oram').wait(500); // Add Last Name\ncy.get('.mr-\\\\[3\\\\.5\\\\%\\\\] > .flex-col > .react-datepicker-wrapper > .react-datepicker__input-container > .w-full').type('05-16-1975'); // Add DOB\ncy.get('#gender').click().wait(500); // Tap gender dropdown\ncy.get(':nth-child(1) > .transparentBtn > .font-normal').click().wait(500); // Select Male\ncy.get(':nth-child(2) > .primaryBtn').click().wait(500); // Tap to Next btn\ncy.get(':nth-child(2) > .primaryBtn').click().wait(500); // Tap to Next btn again\ncy.get(':nth-child(2) > .primaryBtn').click().wait(1000); // Tap to Proceed to order btn\ncy.get('.flex-row > :nth-child(1) > span > .secondaryBtn').contains(\"Review\").should('have.text', 'Review').should('be.visible').and('exist').wait(500); // Assertion for \"review\" Button is present\ncy.get('button.secondaryBtn').should('contain.text', 'Save and Exit').and('be.disabled').wait(500); // Assertion for \"save_and_exit\" Button is present and disabled\ncy.get('#Select\\\\ Test > .my-2').contains(\"Select Test\").should('have.text', 'Select Test').should('be.visible').and('exist').and('contain', 'Select').wait(500); // Assertion for \"Select Test\" heading is present.            \n// Side bar icons color assertions\ncy.get('path[data-name=\"Path 5122\"]').each($el => {\n  // Asserting each sidebar circle icon color in not filled.\n  cy.wrap($el).should('have.attr', 'fill', 'none');\n});\ncy.get(':nth-child(4) > .rounded-md > .py-4 > .flex-wrap > :nth-child(2) > .flex > .font-medium').scrollIntoView().should('have.text', 'DecisionDx-UMSeq') // Tapping to DecisionDx-UMSeq Test\n.should('be.visible').and('exist').click().wait(500);\ncy.get('#securityInfo\\\\.ssn').type('232-32-3232'); // Input SSN\ncy.get(':nth-child(2) > .primaryBtn').click().wait(500); // Tap to Proceed to order btn\ncy.get('path[data-name=\"Path 5122\"]').should('have.attr', 'fill', '#18B5B7'); // Asserting side bar Select text icon color is filled  \n// ----------------- Billing Info Section\n/*cy.get('a[href=\"#Billing Information\"] p', { timeout: 1000 }).should('have.text','Billing Information').should('be.visible').click()      // Asserting side bar billing information and clicked \ncy.get('#billingInfo\\\\.icdCodeId', { timeout: 1000 }).click()                                                                                                     // Asserting icd 10 code is present and clicked\n\n// select a random option from dropdown under billing info\ncy.get('div.absolute ul span button').then($options => {\n// ✅ Ensure dropdown has options\nexpect($options.length).to.be.greaterThan(0)\n  // ✅ Pick a random index\nconst randomIndex = Cypress._.random(0, $options.length - 1)\n  // ✅ Get the random option\nconst $randomOption = $options[randomIndex]\n  // ✅ Assert its text is not empty\ncy.wrap($randomOption)\n    .find('p')\n    .invoke('text')\n    .then(text => {\n    expect(text.trim()).to.not.be.empty\n    cy.log('Randomly selected option: ' + text.trim())\n    })\n  // ✅ Click the random option\ncy.wrap($randomOption).click({ force: true })\n})\n\ncy.get('input[name=\"billingInfo.typeOfFacility\"]').then($options => {                                                                                             // Seleting type of facility randomly.\nconst randomIndex = Math.floor(Math.random() * $options.length) // pick 0, 1, or 2\nconst chosen = $options[randomIndex]\n    cy.wrap(chosen).click({ force: true})\n    cy.log('Selected option: ' + chosen.value)\n    // If it's the 3rd option (Hospital Inpatient), assert + fill DTP\n    if (chosen.value === \"Hospital Inpatient\") {\n        cy.get('#Billing\\\\ Information > .p-6 > :nth-child(4) > .false > .react-datepicker-wrapper > .react-datepicker__input-container > .w-full')\n        .should('be.visible')\n        .should('have.attr', 'placeholder', 'MM-DD-YYYY')\n        .type('05-10-1975') // example date\n        }\n})*/\n// Additional Info section\n//cy.get('a[href=\"#Additional Information\"] p').should('have.text','Additional Information').should('be.visible').and('exist').click().wait(1000).click().wait(500)                                                                         // Selecting Additional Info from side menu\n//cy.get('input[name=\"isAdditionalClinician\"]').then($checkbox => {\n//if ($checkbox.is(':disabled')) {\n//    cy.log('Checkbox is disabled, skipping...');\n//} else {\n//    cy.wrap($checkbox).check({ force: true });\n//    cy.wrap($checkbox).should('be.checked');    \n//    cy.get('.align-top > div > .mt-3 > .undefined').click().wait(1000)                                                                                          // tap to 2nd checkbox\n//   cy.get(':nth-child(3) > div > .mt-3 > span.undefined').should('have.text','By checking this box, I hereby acknowledge this clinician(s) will receive the final test report and associated PHI').should('be.visible').and('exist')\n//    cy.get('#firstName', { timeout: 1000 }).type('Jony')\n//    cy.get('#lastName', { timeout: 1000 }).type('way')\n//    cy.get('#npi', { timeout: 1000 }).type('5557774448')\n//    cy.get('#fax', { timeout: 1000 }).type('885-741-8852')\n//    cy.get('#email', { timeout: 1000 }).type('jony@gmail.com')\n//    cy.get('.flex > .mt-3 > .checkmark', { timeout: 1000 }).click()\n//    }\n//});\n// Clinical Information Setion\ncy.get('a[href=\"#Clinical Information\"] p').should('have.text', 'Clinical Information').should('be.visible').and('exist').click().wait(500); // Selecting Clinical Info from side menu\n// select isExposedToRadiation\ncy.get('input[name=\"isExposedToRadiation\"]').then($options => {\n  // ✅ Assert there are exactly 3 radio buttons\n  expect($options.length).to.eq(3);\n  // ✅ Assert their text values\n  const expected = [\"Yes\", \"No\", \"I don't know\"];\n  cy.wrap($options).each(($option, index) => {\n    cy.wrap($option).prev('span') // the <span> before input holds the label text\n    .invoke('text').then(text => {\n      expect(text.trim()).to.eq(expected[index]);\n    });\n  });\n  // ✅ Pick a random radio button\n  const randomIndex = Cypress._.random(0, $options.length - 1);\n  // ✅ Click the randomly selected radio button\n  cy.wrap($options[randomIndex]).click({\n    force: true\n  });\n  cy.log('Randomly selected option: ' + $options[randomIndex].value);\n});\n// Laboratory Setion\n/*\ncy.get('a[href=\"#Laboratory Information\"] p').should('have.text','Laboratory Information').should('be.visible').and('exist').click().wait(500)    // Selecting Laboratory Info from side menu\ncy.get('input[name=\"laboratoryInfo.typeOfSpecimen\"]').then($options1 => {                                                                                     // Seleting type of Specimen randomly.\nconst randomIndex1 = Math.floor(Math.random() * $options1.length) // pick 0, 1, or 2\nconst chosen1 = $options1[randomIndex1]\n  // Click the randomly selected input\ncy.wrap(chosen1).click({ force: true})    \n  })\ncy.get('#laboratoryInfo\\\\.labortaryName').type('a').wait(1000)                                                                                                    // typing text in Name of facility\ncy.get(':nth-child(4) > .transparentBtn > .font-normal').click().wait(500)                                                                                        // Select 4th option\ncy.get('.my-3.false > .flex-col > .react-datepicker-wrapper > .react-datepicker__input-container > .w-full').type('05-16-2025').wait(500)                         // date input\n  // Shipment Information\ncy.get('[href=\"#Shipment Information\"] > .w-full > .font-semibold').should('have.text','Shipment Information').should('be.visible').and('exist').click().wait(500)\ncy.get('.mb-4 > .mt-3 > .checkmark').click().wait(500)                                                                                                            // Click shipping check box                             \n// Get all radio buttons by name\n    cy.get('input[name=\"shipMethod\"]').then($radios => {\n    expect($radios.length).to.be.greaterThan(0) // assert radios exist\n      // ✅ Assert label text for each radio\n    cy.wrap($radios).each(($el) => {\n        cy.wrap($el)\n        .parent('label') // go up to the <label>\n        .find('span')    // find the text span\n        .invoke('text')\n        .then(text => {\n            cy.log('Found radio option: ' + text.trim())\n            expect(text.trim()).to.be.oneOf([\n            'FedEx',\n            'USPS',\n            'UPS',\n            'DHL',\n            'Private Courier',\n            'Hand-Delivered'\n            ])\n        })\n        .wait(500)\n    })\n      // ✅ Pick a random radio and click it\n    const randomIndex = Cypress._.random(0, $radios.length - 1)\n    cy.wrap($radios[randomIndex])\n        .check({ force: true })\n        .should('be.checked')\n      cy.log('Randomly selected option: ' + $radios[randomIndex].value)\n    })*/\n//---------------------- Shipment Information\ncy.get('a[href=\"#Shipment Information\"] p').should('have.text', 'Shipment Information').should('be.visible').and('exist').click().wait(500);\ncy.get('.mb-4 > .mt-3 > .checkmark').click().wait(500); // Click shipping check box                             \n// Get all radio buttons by name\ncy.get('input[name=\"shipMethod\"]').then($radios => {\n  expect($radios.length).to.be.greaterThan(0); // assert radios exist\n  // ✅ Assert label text for each radio\n  cy.wrap($radios).each($el => {\n    cy.wrap($el).parent('label') // go up to the <label>\n    .find('span') // find the text span\n    .invoke('text').then(text => {\n      cy.log('Found radio option: ' + text.trim());\n      expect(text.trim()).to.be.oneOf(['FedEx', 'USPS', 'UPS', 'DHL', 'Private Courier', 'Hand-Delivered']);\n    });\n  });\n  // ✅ Pick a random radio and click it\n  const randomIndex = Cypress._.random(0, $radios.length - 1);\n  cy.wrap($radios[randomIndex]).check({\n    force: true\n  }).should('be.checked');\n  cy.log('Randomly selected option: ' + $radios[randomIndex].value);\n});\n// Supporting doc section\ncy.get('a[href=\"#Supporting Documents\"] p').click().wait(500);\ncy.get(':nth-child(2) > .max-w-\\\\[300px\\\\] > .font-normal').should('have.text', 'Pathology Report').should('be.visible').and('exist');\ncy.get(':nth-child(2) > .max-w-\\\\[300px\\\\] > .bg-\\\\[\\\\#F9F9FA\\\\]').should('be.visible').and('exist');\ncy.get(':nth-child(2) > .max-w-\\\\[300px\\\\] > .bg-\\\\[\\\\#F9F9FA\\\\] > span > .secondaryBtn', {\n  timeout: 5000\n}).attachFile(\"QA-Handbook.pdf\", {\n  subjectType: 'drag-n-drop'\n});\ncy.get(':nth-child(3) > .max-w-\\\\[300px\\\\] > .font-normal').should('have.text', 'Patient Info / Demographics Sheet', {\n  timeout: 5000\n}).should('be.visible').and('exist');\ncy.get(':nth-child(3) > .max-w-\\\\[300px\\\\] > .bg-\\\\[\\\\#F9F9FA\\\\]').should('be.visible').and('exist');\ncy.get(':nth-child(3) > .max-w-\\\\[300px\\\\] > .bg-\\\\[\\\\#F9F9FA\\\\] > span > .secondaryBtn', {\n  timeout: 5000\n}).attachFile(\"QA-Handbook.pdf\", {\n  subjectType: 'drag-n-drop'\n});\ncy.get(':nth-child(4) > .max-w-\\\\[300px\\\\] > .font-normal').should('have.text', 'Insurance Card / Billing Face Sheet', {\n  timeout: 5000\n}).should('be.visible').and('exist');\ncy.get(':nth-child(4) > .max-w-\\\\[300px\\\\] > .bg-\\\\[\\\\#F9F9FA\\\\]').should('be.visible').and('exist');\ncy.get(':nth-child(4) > .max-w-\\\\[300px\\\\] > .bg-\\\\[\\\\#F9F9FA\\\\] > span > .secondaryBtn', {\n  timeout: 5000\n}).attachFile(\"QA-Handbook.pdf\", {\n  subjectType: 'drag-n-drop'\n});\n// Notes \ncy.get('#notes').type('Testing notes');\n//cy.get('.flex-row > :nth-child(1) > span > .secondaryBtn').contains(\"Review\").should('have.text','Review').should('be.visible').and('exist').click().wait(500)  // Assertion for \"review\" Button is present        \ncy.get(':nth-child(2) > span > .secondaryBtn').should('contain.text', 'Save and Exit').and('be.enabled').click().wait(50000); // Assertion for \"save_and_exit\" Button is present and disabled   \ncy.get(':nth-child(1) > .lg\\\\:right-0 > .py-1').should('have.text', 'In Progress').should('be.visible').and('exist'); // Chwck the order status is pending submission\ncy.get('.rounded-full > .max-w-\\\\[316px\\\\] > .h-full').click().wait(500); // Profile icon click\ncy.get('.py-2 > .font-normal', {\n  timeout: 5000\n}).click().wait(5000); // logout",
              "err": {},
              "uuid": "a9c6eaf5-860e-44a4-862c-0112f4c7a698",
              "parentUUID": "f45811ae-5dc9-4020-a219-1a3c9b768f61",
              "isHook": false,
              "skipped": false
            }
          ],
          "suites": [],
          "passes": [
            "8ea8a3e7-32fa-4d04-8b95-f20e6fa4e80a",
            "a9c6eaf5-860e-44a4-862c-0112f4c7a698"
          ],
          "failures": [],
          "pending": [
            "91e01659-b443-42a4-a277-e20267c92e6b"
          ],
          "skipped": [],
          "duration": 347209,
          "root": false,
          "rootEmpty": false,
          "_timeout": 2000
        }
      ],
      "passes": [],
      "failures": [],
      "pending": [],
      "skipped": [],
      "duration": 0,
      "root": true,
      "rootEmpty": true,
      "_timeout": 2000
    }
  ],
  "meta": {
    "mocha": {
      "version": "7.2.0"
    },
    "mochawesome": {
      "options": {
        "quiet": false,
        "reportFilename": "[status]_[datetime]-[name]-report",
        "saveHtml": false,
        "saveJson": true,
        "consoleReporter": "spec",
        "useInlineDiffs": false,
        "code": true
      },
      "version": "7.1.3"
    },
    "marge": {
      "options": {
        "charts": false,
        "reportPageTitle": "Automation Reports",
        "embeddedScreenshots": false,
        "inlineAssets": false,
        "saveAllAttempts": false,
        "autoOpen": false,
        "overwrite": false,
        "reportFilename": "[status]_[datetime]-[name]-report",
        "html": false,
        "json": true,
        "reportDir": "cypress\\reports\\html\\.jsons"
      },
      "version": "6.2.0"
    }
  }
}